Log file open, 11/05/17 10:20:29
LogInit:Display: Running engine for game: Toast
LogPlatformFile: Not using cached read wrapper
LogInit:Display: RandInit(1963229904) SRandInit(1963229904).
LogTaskGraph: Started task graph with 5 named threads and 8 total threads with 1 sets of task threads.
LogStats: Stats thread started at 0.671234
LogInit: Using libcurl 7.47.1
LogInit:  - built for x86_64-pc-win32
LogInit:  - supports SSL with OpenSSL/1.0.2g
LogInit:  - supports HTTP deflate (compression) using libz 1.2.8
LogInit:  - other features:
LogInit:      CURL_VERSION_SSL
LogInit:      CURL_VERSION_LIBZ
LogInit:      CURL_VERSION_IPV6
LogInit:      CURL_VERSION_ASYNCHDNS
LogInit:      CURL_VERSION_LARGEFILE
LogInit:      CURL_VERSION_IDN
LogInit:  CurlRequestOptions (configurable via config and command line):
LogInit:  - bVerifyPeer = false  - Libcurl will NOT verify peer certificate
LogInit:  - bUseHttpProxy = false  - Libcurl will NOT use HTTP proxy
LogInit:  - bDontReuseConnections = false  - Libcurl will reuse connections
LogInit:  - CertBundlePath = nullptr  - Libcurl will use whatever was configured at build time.
LogInit: Build: ++UE4+Release-4.16-CL-3561208
LogInit: Engine Version: 4.16.3-3561208+++UE4+Release-4.16
LogInit: Compatible Engine Version: 4.16.0-3452394+++UE4+Release-4.16
LogInit: Net CL: 3452394
LogDevObjectVersion: Number of dev versions registered: 16
LogDevObjectVersion:   Dev-Blueprints (B0D832E4-1F89-4F0D-ACCF-7EB736FD4AA2): 9
LogDevObjectVersion:   Dev-Build (E1C64328-A22C-4D53-A36C-8E866417BD8C): 0
LogDevObjectVersion:   Dev-Core (375EC13C-06E4-48FB-B500-84F0262A717E): 2
LogDevObjectVersion:   Dev-Editor (E4B068ED-F494-42E9-A231-DA0B2E46BB41): 17
LogDevObjectVersion:   Dev-Framework (CFFC743F-43B0-4480-9391-14DF171D2073): 23
LogDevObjectVersion:   Dev-Mobile (B02B49B5-BB20-44E9-A304-32B752E40360): 0
LogDevObjectVersion:   Dev-Networking (A4E4105C-59A1-49B5-A7C5-40C4547EDFEE): 0
LogDevObjectVersion:   Dev-Online (39C831C9-5AE6-47DC-9A44-9C173E1C8E7C): 0
LogDevObjectVersion:   Dev-Physics (78F01B33-EBEA-4F98-B9B4-84EACCB95AA2): 0
LogDevObjectVersion:   Dev-Platform (6631380F-2D4D-43E0-8009-CF276956A95A): 0
LogDevObjectVersion:   Dev-Rendering (12F88B9F-8875-4AFC-A67C-D90C383ABD29): 15
LogDevObjectVersion:   Dev-Sequencer (7B5AE74C-D270-4C10-A958-57980B212A5A): 4
LogDevObjectVersion:   Dev-VR (D7296918-1DD6-4BDD-9DE2-64A83CC13884): 0
LogDevObjectVersion:   Dev-LoadTimes (C2A15278-BFE7-4AFE-6C17-90FF531DF755): 1
LogDevObjectVersion:   Private-Geometry (6EACA3D4-40EC-4CC1-B786-8BED09428FC5): 1
LogDevObjectVersion:   Dev-AnimPhys (29E575DD-E0A3-4627-9D10-D276232CDCEA): 3
LogInit: Compiled (64-bit): Jul 28 2017 11:49:47
LogInit: Compiled with Visual C++: 19.00.24215.01
LogInit: Build Configuration: Development
LogInit: Branch Name: ++UE4+Release-4.16
LogInit: Command line:  
LogInit: Base directory: C:/Program Files/Epic Games/UE_4.16/Engine/Binaries/Win64/
LogInit: Installed Engine Build: 1
LogInit: Presizing for max 8388607 objects, including 0 objects not considered by GC, pre-allocating 0 bytes for permanent pool.
LogInit: Object subsystem initialized
[2017.11.05-17.20.30:153][  0]LogInit: Selected Device Profile: [Windows]
[2017.11.05-17.20.30:153][  0]LogInit: Applying CVar settings loaded from the selected device profile: [Windows]
[2017.11.05-17.20.30:216][  0]LogInit: Computer: DESKTOP-UMO80F6
[2017.11.05-17.20.30:216][  0]LogInit: User: Lukas
[2017.11.05-17.20.30:216][  0]LogInit: CPU Page size=4096, Cores=4
[2017.11.05-17.20.30:216][  0]LogInit: High frequency timer resolution =3.914160 MHz
[2017.11.05-17.20.30:216][  0]LogMemory: Memory total: Physical=8.0GB (8GB approx)
[2017.11.05-17.20.30:216][  0]LogMemory: Platform Memory Stats for Windows
[2017.11.05-17.20.30:216][  0]LogMemory: Process Physical Memory: 272.39 MB used, 272.39 MB peak
[2017.11.05-17.20.30:216][  0]LogMemory: Process Virtual Memory: 263.06 MB used, 263.06 MB peak
[2017.11.05-17.20.30:216][  0]LogMemory: Physical Memory: 3990.07 MB used,  4185.16 MB free, 8175.23 MB total
[2017.11.05-17.20.30:216][  0]LogMemory: Virtual Memory: 640.40 MB used,  4185.16 MB free, 134217728.00 MB total
[2017.11.05-17.20.30:594][  0]LogInit: Using OS detected language (en-US).
[2017.11.05-17.20.30:594][  0]LogInit: Using OS detected locale (en-US).
[2017.11.05-17.20.30:661][  0]LogTextLocalizationManager: No specific localization for 'en-US' exists, so the 'en' localization will be used.
[2017.11.05-17.20.34:379][  0]LogD3D11RHI: D3D11 adapters:
[2017.11.05-17.20.34:415][  0]LogD3D11RHI:    0. 'NVIDIA GeForce GTX 950' (Feature Level 11_0)
[2017.11.05-17.20.34:415][  0]LogD3D11RHI:       2017/0/4087 MB DedicatedVideo/DedicatedSystem/SharedSystem, Outputs:1, VendorId:0x10de
[2017.11.05-17.20.34:417][  0]LogD3D11RHI:    1. 'Microsoft Basic Render Driver' (Feature Level 11_0)
[2017.11.05-17.20.34:417][  0]LogD3D11RHI:       0/0/4087 MB DedicatedVideo/DedicatedSystem/SharedSystem, Outputs:0, VendorId:0x1414
[2017.11.05-17.20.34:417][  0]LogD3D11RHI: Chosen D3D11 Adapter: 0
[2017.11.05-17.20.34:424][  0]LogD3D11RHI: Creating new Direct3DDevice
[2017.11.05-17.20.34:425][  0]LogD3D11RHI:     GPU DeviceId: 0x1402 (for the marketing name, search the web for "GPU Device Id")
[2017.11.05-17.20.34:425][  0]LogWindows: EnumDisplayDevices:
[2017.11.05-17.20.34:425][  0]LogWindows:    0. 'NVIDIA GeForce GTX 950' (P:1 D:1)
[2017.11.05-17.20.34:425][  0]LogWindows:    1. 'NVIDIA GeForce GTX 950' (P:0 D:0)
[2017.11.05-17.20.34:425][  0]LogWindows:    2. 'NVIDIA GeForce GTX 950' (P:0 D:0)
[2017.11.05-17.20.34:425][  0]LogWindows:    3. 'NVIDIA GeForce GTX 950' (P:0 D:0)
[2017.11.05-17.20.34:426][  0]LogWindows: DebugString: FoundDriverCount:4 
[2017.11.05-17.20.34:426][  0]LogD3D11RHI:     Adapter Name: NVIDIA GeForce GTX 950
[2017.11.05-17.20.34:426][  0]LogD3D11RHI:   Driver Version: 378.92 (internal:21.21.13.7892, unified:378.92)
[2017.11.05-17.20.34:426][  0]LogD3D11RHI:      Driver Date: 3-16-2017
[2017.11.05-17.20.34:426][  0]LogRHI: Texture pool is 1361 MB (70% of 1945 MB)
[2017.11.05-17.20.34:448][  0]LogD3D11RHI: Async texture creation enabled
[2017.11.05-17.20.34:480][  0]LogD3D11RHI: GPU Timing Frequency: 1000.000000 (Debug: 2 2)
[2017.11.05-17.20.34:539][  0]LogShaderCompilers: Guid format shader working directory is 31 characters bigger than the processId version (G:/ToastProject/Intermediate/Shaders/WorkingDirectory/9036/).
[2017.11.05-17.20.34:539][  0]LogShaderCompilers: Cleaned the shader compiler working directory 'C:/Users/Lukas/AppData/Local/Temp/UnrealShaderWorkingDir/18BB91064D22CDE5D06200A50C920C3B/'.
[2017.11.05-17.20.34:540][  0]LogShaderCompilers:Display: Using Local Shader Compiler.
[2017.11.05-17.20.37:375][  0]LogTemp:Display: Loaded TP AllDesktopTargetPlatform
[2017.11.05-17.20.37:456][  0]LogTemp:Display: Loaded TP MacClientTargetPlatform
[2017.11.05-17.20.37:538][  0]LogTemp:Display: Loaded TP MacNoEditorTargetPlatform
[2017.11.05-17.20.37:619][  0]LogTemp:Display: Loaded TP MacServerTargetPlatform
[2017.11.05-17.20.37:708][  0]LogTemp:Display: Loaded TP MacTargetPlatform
[2017.11.05-17.20.37:792][  0]LogTemp:Display: Loaded TP WindowsClientTargetPlatform
[2017.11.05-17.20.37:876][  0]LogTemp:Display: Loaded TP WindowsNoEditorTargetPlatform
[2017.11.05-17.20.37:959][  0]LogTemp:Display: Loaded TP WindowsServerTargetPlatform
[2017.11.05-17.20.38:041][  0]LogTemp:Display: Loaded TP WindowsTargetPlatform
[2017.11.05-17.20.38:127][  0]LogTemp:Display: Loaded TP AndroidTargetPlatform
[2017.11.05-17.20.38:208][  0]LogTemp:Display: Loaded TP Android_ASTCTargetPlatform
[2017.11.05-17.20.38:291][  0]LogTemp:Display: Loaded TP Android_ATCTargetPlatform
[2017.11.05-17.20.38:371][  0]LogTemp:Display: Loaded TP Android_DXTTargetPlatform
[2017.11.05-17.20.38:452][  0]LogTemp:Display: Loaded TP Android_ETC1TargetPlatform
[2017.11.05-17.20.38:532][  0]LogTemp:Display: Loaded TP Android_ETC2TargetPlatform
[2017.11.05-17.20.38:693][  0]LogTemp:Display: Loaded TP Android_MultiTargetPlatform
[2017.11.05-17.20.38:694][  0]LogTemp:Display: Loaded TP Android_PVRTCTargetPlatform
[2017.11.05-17.20.38:760][  0]LogTemp:Display: Loaded TP HTML5TargetPlatform
[2017.11.05-17.20.38:912][  0]LogTemp:Display: Loaded TP IOSTargetPlatform
[2017.11.05-17.20.38:963][  0]LogTemp:Display: Loaded TP TVOSTargetPlatform
[2017.11.05-17.20.39:044][  0]LogTemp:Display: Loaded TP LinuxClientTargetPlatform
[2017.11.05-17.20.39:125][  0]LogTemp:Display: Loaded TP LinuxNoEditorTargetPlatform
[2017.11.05-17.20.39:203][  0]LogTemp:Display: Loaded TP LinuxServerTargetPlatform
[2017.11.05-17.20.39:289][  0]LogTemp:Display: Loaded TP LinuxTargetPlatform
[2017.11.05-17.20.39:289][  0]LogTargetPlatformManager:Display: Building Assets For Windows
[2017.11.05-17.20.40:255][  0]LogDerivedDataCache:Display: Max Cache Size: 512 MB
[2017.11.05-17.20.40:895][  0]LogDerivedDataCache: Loaded boot cache 0.64s 90MB C:/Users/Lukas/AppData/Local/UnrealEngine/4.16/DerivedDataCache/Boot.ddc.
[2017.11.05-17.20.40:895][  0]LogDerivedDataCache:Display: Loaded Boot cache: C:/Users/Lukas/AppData/Local/UnrealEngine/4.16/DerivedDataCache/Boot.ddc
[2017.11.05-17.20.40:895][  0]LogDerivedDataCache: FDerivedDataBackendGraph:  Pak pak cache file G:/ToastProject/DerivedDataCache/DDC.ddp not found, will not use a pak cache.
[2017.11.05-17.20.40:895][  0]LogDerivedDataCache: Unable to find inner node Pak for hierarchical cache Hierarchy.
[2017.11.05-17.20.40:895][  0]LogDerivedDataCache: FDerivedDataBackendGraph:  CompressedPak pak cache file G:/ToastProject/DerivedDataCache/Compressed.ddp not found, will not use a pak cache.
[2017.11.05-17.20.40:895][  0]LogDerivedDataCache: Unable to find inner node CompressedPak for hierarchical cache Hierarchy.
[2017.11.05-17.20.40:930][  0]LogDerivedDataCache:Display: Pak cache opened for reading ../../../Engine/DerivedDataCache/Compressed.ddp.
[2017.11.05-17.20.40:942][  0]LogDerivedDataCache: Using Local data cache path C:/Users/Lukas/AppData/Local/UnrealEngine/Common/DerivedDataCache: Writable
[2017.11.05-17.20.40:961][  0]LogMaterial: Verifying Global Shaders for PCD3D_SM5
[2017.11.05-17.20.40:965][  0]LogSlate: Using Freetype 2.6.0
[2017.11.05-17.20.40:986][  0]LogSlate: SlateFontCache - WITH_FREETYPE: 1, WITH_HARFBUZZ: 1
[2017.11.05-17.20.40:986][  0]LogSlate: SlateFontCache - WITH_FREETYPE: 1, WITH_HARFBUZZ: 1
[2017.11.05-17.20.42:167][  0]LogInit: Selected Device Profile: [Windows]
[2017.11.05-17.20.42:440][  0]LogContentStreaming: Texture pool size is 0.00 MB
[2017.11.05-17.20.42:750][  0]LogMeshUtilities: Using QuadricMeshReduction for automatic static mesh reduction
[2017.11.05-17.20.42:835][  0]LogSimplygon: Simplygon DLL not present - disabling.
[2017.11.05-17.20.42:916][  0]LogMeshUtilities: Using SimplygonSwarm for distributed automatic mesh merging
[2017.11.05-17.20.42:916][  0]LogMeshUtilities: No automatic skeletal mesh reduction module available
[2017.11.05-17.20.42:916][  0]LogMeshUtilities: No automatic mesh merging module available
[2017.11.05-17.20.44:690][  0]LogNetVersion: Toast , NetCL: 3452394, EngineNetVer: 2, GameNetVer: 0 (Checksum: 164098987)
[2017.11.05-17.20.44:821][  0]LogAssetRegistry: FAssetRegistry took 0.0314 seconds to start up
[2017.11.05-17.20.46:653][  0]LogPackageLocalizationCache: Processed 4 localized package path(s) for 2 prioritized culture(s) in 1.791136 seconds
[2017.11.05-17.20.46:661][  0]LogUObjectArray: 34194 objects as part of root set at end of initial load.
[2017.11.05-17.20.46:661][  0]LogUObjectAllocator: 7260416 out of 0 bytes used by permanent object pool.
[2017.11.05-17.20.46:661][  0]LogUObjectArray: CloseDisregardForGC: 0/0 objects in disregard for GC pool
[2017.11.05-17.20.46:779][  0]LogInit: WinSock: version 1.1 (2.2), MaxSocks=32767, MaxUdp=65467
[2017.11.05-17.20.53:649][  0]LogTcpMessaging: Initializing TcpMessaging bridge
[2017.11.05-17.20.58:394][  0]LogUdpMessaging: Initializing bridge on interface 0.0.0.0:0 to multicast group 230.0.0.1:6666.
[2017.11.05-17.21.01:518][  0]LogMaterial: Uniform references updated for custom material expression Custom.
[2017.11.05-17.21.03:480][  0]SourceControl: Info Source control is disabled
[2017.11.05-17.21.03:482][  0]SourceControl: Info Source control is disabled
[2017.11.05-17.21.03:570][  0]SourceControl: Info Source control is disabled
[2017.11.05-17.21.03:653][  0]SourceControl: Info Source control is disabled
[2017.11.05-17.21.04:872][  0]LogAndroidPermission: UAndroidPermissionCallbackProxy::GetInstance
[2017.11.05-17.21.05:890][  0]LogEngine: Initializing Engine...
[2017.11.05-17.21.05:892][  0]LogHMD: Failed to initialize OpenVR with code 110
[2017.11.05-17.21.06:184][  0]LogStats: UGameplayTagsManager::ConstructGameplayTagTree: Construct from data asset -  0.000 s
[2017.11.05-17.21.06:184][  0]LogStats: UGameplayTagsManager::ConstructGameplayTagTree: GameplayTagTreeChangedEvent.Broadcast -  0.000 s
[2017.11.05-17.21.06:441][  0]LogAIModule: Creating AISystem for world Untitled
[2017.11.05-17.21.06:478][  0]LogInit: XAudio2 using 'Speakers (Realtek High Definition Audio)' : 2 channels at 48 kHz using 32 bits per sample (channel mask 0x3)
[2017.11.05-17.21.06:500][  0]LogInit: FAudioDevice initialized.
[2017.11.05-17.21.06:588][  0]LogDerivedDataCache: Saved boot cache 0.09s 90MB C:/Users/Lukas/AppData/Local/UnrealEngine/4.16/DerivedDataCache/Boot.ddc.
[2017.11.05-17.21.06:627][  0]LogInit: Texture streaming: Enabled
[2017.11.05-17.21.06:802][  0]LogEngineSessionManager: EngineSessionManager initialized
[2017.11.05-17.21.07:208][  0]LogWindowsTextInputMethodSystem:Display: IME system now deactivated.
[2017.11.05-17.21.07:269][  0]LogInit: Transaction tracking system initialized
[2017.11.05-17.21.07:859][  0]BlueprintLog: New page: Editor Load
[2017.11.05-17.21.10:240][  0]LocalizationService: Info Localization service is disabled
[2017.11.05-17.21.14:380][  0]LogConsoleResponse:Display: 
[2017.11.05-17.21.14:617][  0]LogAutoReimportManager:Warning: Unable to watch directory G:/ToastProject/Content/ as it doesn't exist.
[2017.11.05-17.21.14:618][  0]LogCook:Display: Max memory allowance for cook 16384mb min free memory 0mb
[2017.11.05-17.21.14:618][  0]LogCook:Display: Mobile HDR setting 1
[2017.11.05-17.21.18:760][  0]SourceControl: Info Source control is disabled
[2017.11.05-17.21.18:762][  0]Cmd: MAP LOAD FILE="../../../Engine/Content/Maps/Templates/Template_Default.umap" TEMPLATE=1 SHOWPROGRESS=1 FEATURELEVEL=3
[2017.11.05-17.21.18:765][  0]LightingResults: New page: Lighting Build
[2017.11.05-17.21.18:866][  0]MapCheck: New page: Map Check
[2017.11.05-17.21.18:866][  0]LightingResults: New page: Lighting Build
[2017.11.05-17.21.19:348][  0]LogAIModule: Creating AISystem for world Untitled_1
[2017.11.05-17.21.19:351][  0]LogActorComponent: RegisterComponentWithWorld: (/Temp/Untitled_1.Untitled_1:PersistentLevel.WorldSettings_1.StaticMeshComponent0) Trying to register component with IsPendingKill() == true. Aborting.
[2017.11.05-17.21.19:406][  0]LogEditorServer: Finished looking for orphan Actors (0.000 secs)
[2017.11.05-17.21.19:443][  0]Cmd: MAP CHECKDEP NOCLEARLOG
[2017.11.05-17.21.19:516][  0]MapCheck: Info Map check complete: 0 Error(s), 0 Warning(s), took 72.555ms to complete.
[2017.11.05-17.21.19:516][  0]LogFileHelpers: Loading map 'Template_Default' took 0.755
[2017.11.05-17.21.19:907][  0]LogCollectionManager: Loaded 0 collections in 0.002163 seconds
[2017.11.05-17.21.26:453][  0]LogFileCache: Scanning file cache for directory 'G:/ToastProject/Saved/Collections/' took 0.01s
[2017.11.05-17.21.26:454][  0]LogFileCache: Scanning file cache for directory 'G:/ToastProject/Content/Developers/Lukas/Collections/' took 0.01s
[2017.11.05-17.21.26:454][  0]LogFileCache: Scanning file cache for directory 'G:/ToastProject/Content/Collections/' took 0.01s
[2017.11.05-17.21.26:454][  0]LogCollectionManager: Rebuilt the GUID cache for 0 collections in 0.000002 seconds
[2017.11.05-17.21.26:474][  0]LogContentBrowser: Native class hierarchy populated in 0.0180 seconds. Added 2329 classes and 491 folders.
[2017.11.05-17.21.26:608][  0]LogContentBrowser: Native class hierarchy updated for 'WidgetCarousel' in 0.0008 seconds. Added 0 classes and 0 folders.
[2017.11.05-17.21.27:055][  0]LogContentBrowser: Native class hierarchy updated for 'AddContentDialog' in 0.0008 seconds. Added 0 classes and 0 folders.
[2017.11.05-17.21.27:149][  0]LogContentBrowser: Native class hierarchy updated for 'SceneOutliner' in 0.0007 seconds. Added 1 classes and 2 folders.
[2017.11.05-17.21.27:276][  0]LogCrashTracker: Crashtracker disabled due to settings.
[2017.11.05-17.21.27:316][  0]LogSlate: Took 0.011070 seconds to synchronously load lazily loaded font '../../../Engine/Content/Slate/Fonts/Roboto-Regular.ttf' (155K)
[2017.11.05-17.21.27:336][  0]LogSlate: Took 0.008539 seconds to synchronously load lazily loaded font '../../../Engine/Content/Slate/Fonts/Roboto-Bold.ttf' (160K)
[2017.11.05-17.21.27:552][  0]LogRenderer: Reallocating scene render targets to support 1208x576 NumSamples 1 (Frame:1).
[2017.11.05-17.21.27:817][  0]LogUObjectGlobals:Warning: Failed to find object 'Class None.'
[2017.11.05-17.21.27:927][  0]LogContentBrowser: Native class hierarchy updated for 'HierarchicalLODOutliner' in 0.0007 seconds. Added 1 classes and 2 folders.
[2017.11.05-17.21.27:927][  0]LogLoad: (Engine Initialization) Total time: 64.06 seconds
[2017.11.05-17.21.27:927][  0]LogLoad: (Engine Initialization) Total Blueprint compile time: 0.21 seconds
[2017.11.05-17.21.27:927][  0]LogExternalProfiler: No external profilers were discovered.  External profiling features will not be available.
[2017.11.05-17.21.27:939][  0]LogOcInput: OculusInput pre-init called
[2017.11.05-17.21.27:940][  0]LogHMD: Starting GearVRController plugin
[2017.11.05-17.21.27:976][  0]LogContentStreaming: Texture pool size now 1000 MB
[2017.11.05-17.21.28:702][  1]LogAssetRegistry: Asset discovery search completed in 43.9025 seconds
[2017.11.05-17.21.28:706][  1]LogCollectionManager: Rebuilt the object cache for 0 collections in 0.000001 seconds (found 0 objects)
[2017.11.05-17.21.28:706][  1]LogCollectionManager: Fixed up redirectors for 0 collections in 0.000820 seconds (updated 0 objects)
[2017.11.05-17.21.35:418][638]LogSlate: Took 0.006170 seconds to synchronously load lazily loaded font '../../../Engine/Content/Editor/Slate/Fonts/FontAwesome.ttf' (139K)
[2017.11.05-17.21.41:248][ 93]LogStreaming:Warning: Failed to open ANSI TEXT file G:/ToastProject/Saved/HardwareSurvey/dxdiag.txt
[2017.11.05-17.21.42:133][ 94]LogStreaming:Warning: Failed to open ANSI TEXT file G:/ToastProject/Saved/HardwareSurvey/dxdiag.txt
[2017.11.05-17.21.44:293][ 95]LogStreaming:Warning: Failed to open ANSI TEXT file G:/ToastProject/Saved/HardwareSurvey/dxdiag.txt
[2017.11.05-17.21.45:001][ 96]LogStreaming:Warning: Failed to open ANSI TEXT file G:/ToastProject/Saved/HardwareSurvey/dxdiag.txt
[2017.11.05-17.21.46:921][ 97]LogSynthBenchmark:Display: FSynthBenchmark (V0.95):  requested WorkScale=5.00
[2017.11.05-17.21.46:921][ 97]LogSynthBenchmark:Display: ===============
[2017.11.05-17.21.46:921][ 97]LogSynthBenchmark:Display: Main Processor:
[2017.11.05-17.21.47:176][ 97]LogSynthBenchmark:Display:          ... 0.028047 s/Run 'RayIntersect'
[2017.11.05-17.21.47:176][ 97]LogSynthBenchmark:Display:          ... 0.022886 s/Run 'Fractal'
[2017.11.05-17.21.47:176][ 97]LogSynthBenchmark:Display: 
[2017.11.05-17.21.47:176][ 97]LogSynthBenchmark:Display:   CompiledTarget_x_Bits: 64
[2017.11.05-17.21.47:176][ 97]LogSynthBenchmark:Display:   UE_BUILD_SHIPPING: 0
[2017.11.05-17.21.47:176][ 97]LogSynthBenchmark:Display:   UE_BUILD_TEST: 0
[2017.11.05-17.21.47:176][ 97]LogSynthBenchmark:Display:   UE_BUILD_DEBUG: 0
[2017.11.05-17.21.47:176][ 97]LogSynthBenchmark:Display:   TotalPhysicalGBRam: 8
[2017.11.05-17.21.47:176][ 97]LogSynthBenchmark:Display:   NumberOfCores (physical): 4
[2017.11.05-17.21.47:176][ 97]LogSynthBenchmark:Display:   NumberOfCores (logical): 8
[2017.11.05-17.21.47:176][ 97]LogSynthBenchmark:Display:   CPU Perf Index 0: 91.3 (weight 1.00)
[2017.11.05-17.21.47:176][ 97]LogSynthBenchmark:Display:   CPU Perf Index 1: 125.0 (weight 1.50)
[2017.11.05-17.21.47:176][ 97]LogSynthBenchmark:Display:  
[2017.11.05-17.21.47:176][ 97]LogSynthBenchmark:Display: Graphics:
[2017.11.05-17.21.47:176][ 97]LogSynthBenchmark:Display:   Adapter Name: 'NVIDIA GeForce GTX 950'
[2017.11.05-17.21.47:176][ 97]LogSynthBenchmark:Display:   (On Optimus the name might be wrong, memory should be ok)
[2017.11.05-17.21.47:176][ 97]LogSynthBenchmark:Display:   Vendor Id: 0x10DE
[2017.11.05-17.21.47:176][ 97]LogSynthBenchmark:Display:   Device Id: 0x1402
[2017.11.05-17.21.47:176][ 97]LogSynthBenchmark:Display:   Device Revision: 0xA1
[2017.11.05-17.21.47:176][ 97]LogSynthBenchmark:Display:   GPU Memory: 2018/0/4088 MB
[2017.11.05-17.21.47:429][ 97]LogSynthBenchmark:Display:   GPU first test: 0.13s
[2017.11.05-17.21.47:429][ 97]LogSynthBenchmark:Display:          ... 0.477 s/GigaPix, Confidence=81% 'ALUHeavyNoise' (likely to be very inaccurate)
[2017.11.05-17.21.47:429][ 97]LogSynthBenchmark:Display:          ... 0.387 s/GigaPix, Confidence=70% 'TexHeavy' (likely to be very inaccurate)
[2017.11.05-17.21.47:429][ 97]LogSynthBenchmark:Display:          ... 0.352 s/GigaPix, Confidence=70% 'DepTexHeavy' (likely to be very inaccurate)
[2017.11.05-17.21.47:429][ 97]LogSynthBenchmark:Display:          ... 2.494 s/GigaPix, Confidence=70% 'FillOnly' (likely to be very inaccurate)
[2017.11.05-17.21.47:429][ 97]LogSynthBenchmark:Display:          ... 0.072 s/GigaPix, Confidence=81% 'Bandwidth' (likely to be very inaccurate)
[2017.11.05-17.21.47:429][ 97]LogSynthBenchmark:Display:          ... 0.300 s/GigaVert, Confidence=60% 'VertThroughPut1' (likely to be very inaccurate)
[2017.11.05-17.21.47:429][ 97]LogSynthBenchmark:Display:          ... 0.383 s/GigaVert, Confidence=60% 'VertThroughPut2' (likely to be very inaccurate)
[2017.11.05-17.21.47:429][ 97]LogSynthBenchmark:Display:   GPU Final Results:
[2017.11.05-17.21.47:429][ 97]LogSynthBenchmark:Display:          ... 0.477 s/GigaPix, Confidence=81% 'ALUHeavyNoise'
[2017.11.05-17.21.47:429][ 97]LogSynthBenchmark:Display:          ... 0.387 s/GigaPix, Confidence=70% 'TexHeavy'
[2017.11.05-17.21.47:429][ 97]LogSynthBenchmark:Display:          ... 0.352 s/GigaPix, Confidence=70% 'DepTexHeavy'
[2017.11.05-17.21.47:429][ 97]LogSynthBenchmark:Display:          ... 2.494 s/GigaPix, Confidence=70% 'FillOnly'
[2017.11.05-17.21.47:429][ 97]LogSynthBenchmark:Display:          ... 0.072 s/GigaPix, Confidence=81% 'Bandwidth'
[2017.11.05-17.21.47:429][ 97]LogSynthBenchmark:Display:          ... 0.300 s/GigaVert, Confidence=60% 'VertThroughPut1'
[2017.11.05-17.21.47:429][ 97]LogSynthBenchmark:Display:          ... 0.383 s/GigaVert, Confidence=60% 'VertThroughPut2'
[2017.11.05-17.21.47:429][ 97]LogSynthBenchmark:Display: 
[2017.11.05-17.21.47:429][ 97]LogSynthBenchmark:Display:   GPU Perf Index 0: 10.4 (weight 1.00)
[2017.11.05-17.21.47:429][ 97]LogSynthBenchmark:Display:   GPU Perf Index 1: 5.2 (weight 0.10)
[2017.11.05-17.21.47:429][ 97]LogSynthBenchmark:Display:   GPU Perf Index 2: 9.1 (weight 0.10)
[2017.11.05-17.21.47:429][ 97]LogSynthBenchmark:Display:   GPU Perf Index 3: 9.8 (weight 3.00)
[2017.11.05-17.21.47:429][ 97]LogSynthBenchmark:Display:   GPU Perf Index 4: 6.7 (weight 1.00)
[2017.11.05-17.21.47:429][ 97]LogSynthBenchmark:Display:   GPU Perf Index 5: 19.5 (weight 0.00)
[2017.11.05-17.21.47:429][ 97]LogSynthBenchmark:Display:   GPU Perf Index 6: 21.7 (weight 0.00)
[2017.11.05-17.21.47:429][ 97]LogSynthBenchmark:Display:   CPUIndex: 111.5
[2017.11.05-17.21.47:429][ 97]LogSynthBenchmark:Display:   GPUIndex: 9.2
[2017.11.05-17.21.47:429][ 97]LogSynthBenchmark:Display: 
[2017.11.05-17.21.47:429][ 97]LogSynthBenchmark:Display:          ... Total Time: 0.508619 sec
[2017.11.05-17.21.47:442][ 97]LogWindows: FWindowsPlatformSurvey::TickSurveyHardware() WinSAT assessment state is out-of-date. Unable to examine some hardware metrics. Run the Windows Experience Index Assessment.
[2017.11.05-17.22.26:677][698]LogWindowsTextInputMethodSystem:Display: IME system now deactivated.
[2017.11.05-17.22.31:636][699]Cmd: QUIT_EDITOR
[2017.11.05-17.22.34:884][699]LogExit: Preparing to exit.
[2017.11.05-17.22.42:464][699]LogExit: Editor shut down
[2017.11.05-17.22.42:474][699]LogExit: Transaction tracking system shut down
[2017.11.05-17.22.42:603][699]LogObj: Freed 0b from 0 cluster array pools.
[2017.11.05-17.22.42:603][699]LogExit: Object subsystem successfully closed.
[2017.11.05-17.22.42:638][699]LogD3D11RHI: Shutdown
[2017.11.05-17.22.42:638][699]LogD3D11RHI: CleanupD3DDevice
[2017.11.05-17.22.42:736][699]LogD3D11RHI: ~FD3D11DynamicRHI
[2017.11.05-17.22.42:790][699]LogModuleManager: Shutting down and abandoning module SynthBenchmark (526)
[2017.11.05-17.22.42:790][699]LogModuleManager: Shutting down and abandoning module HierarchicalLODOutliner (524)
[2017.11.05-17.22.42:790][699]LogModuleManager: Shutting down and abandoning module CrashTracker (522)
[2017.11.05-17.22.42:790][699]LogModuleManager: Shutting down and abandoning module SceneOutliner (520)
[2017.11.05-17.22.42:790][699]LogModuleManager: Shutting down and abandoning module AddContentDialog (518)
[2017.11.05-17.22.42:790][699]LogDirectoryWatcher: A directory notification for 'C:/Program Files/Epic Games/UE_4.16/FeaturePacks/' was aborted.
[2017.11.05-17.22.42:791][699]LogModuleManager: Shutting down and abandoning module WidgetCarousel (517)
[2017.11.05-17.22.42:791][699]LogModuleManager: Shutting down and abandoning module EditorWidgets (514)
[2017.11.05-17.22.42:791][699]LogModuleManager: Shutting down and abandoning module CollectionManager (512)
[2017.11.05-17.22.42:791][699]LogDirectoryWatcher: A directory notification for 'G:/ToastProject/Content/Collections/' was aborted.
[2017.11.05-17.22.43:199][699]LogDirectoryWatcher: A directory notification for 'G:/ToastProject/Content/Developers/Lukas/Collections/' was aborted.
[2017.11.05-17.22.43:480][699]LogDirectoryWatcher: A directory notification for 'G:/ToastProject/Saved/Collections/' was aborted.
[2017.11.05-17.22.43:481][699]LogModuleManager: Shutting down and abandoning module StatsViewer (510)
[2017.11.05-17.22.43:481][699]LogModuleManager: Shutting down and abandoning module FoliageEdit (508)
[2017.11.05-17.22.43:481][699]LogModuleManager: Shutting down and abandoning module LandscapeEditor (506)
[2017.11.05-17.22.43:482][699]LogModuleManager: Shutting down and abandoning module MeshPaintMode (504)
[2017.11.05-17.22.43:482][699]LogModuleManager: Shutting down and abandoning module SceneDepthPickerMode (502)
[2017.11.05-17.22.43:482][699]LogModuleManager: Shutting down and abandoning module ActorPickerMode (500)
[2017.11.05-17.22.43:482][699]LogModuleManager: Shutting down and abandoning module GeometryMode (498)
[2017.11.05-17.22.43:482][699]LogModuleManager: Shutting down and abandoning module TextureAlignMode (496)
[2017.11.05-17.22.43:482][699]LogModuleManager: Shutting down and abandoning module BspMode (494)
[2017.11.05-17.22.43:482][699]LogModuleManager: Shutting down and abandoning module HardwareSurvey (492)
[2017.11.05-17.22.43:482][699]LogModuleManager: Shutting down and abandoning module SequenceRecorderSections (490)
[2017.11.05-17.22.43:483][699]LogModuleManager: Shutting down and abandoning module AutomationWorker (488)
[2017.11.05-17.22.43:483][699]LogModuleManager: Shutting down and abandoning module MatineeToLevelSequence (486)
[2017.11.05-17.22.43:483][699]LogModuleManager: Shutting down and abandoning module LevelSequenceEditor (484)
[2017.11.05-17.22.43:486][699]LogModuleManager: Shutting down and abandoning module PlacementMode (483)
[2017.11.05-17.22.43:486][699]LogModuleManager: Shutting down and abandoning module WmfMediaFactory (480)
[2017.11.05-17.22.43:486][699]LogModuleManager: Shutting down and abandoning module WmfMediaEditor (478)
[2017.11.05-17.22.43:486][699]LogModuleManager: Shutting down and abandoning module AvfMediaFactory (476)
[2017.11.05-17.22.43:486][699]LogModuleManager: Shutting down and abandoning module AvfMediaEditor (474)
[2017.11.05-17.22.43:486][699]LogModuleManager: Shutting down and abandoning module AndroidMediaFactory (472)
[2017.11.05-17.22.43:486][699]LogModuleManager: Shutting down and abandoning module Media (471)
[2017.11.05-17.22.43:486][699]LogModuleManager: Shutting down and abandoning module AndroidMediaEditor (468)
[2017.11.05-17.22.43:486][699]LogModuleManager: Shutting down and abandoning module CharacterAI (466)
[2017.11.05-17.22.43:486][699]LogModuleManager: Shutting down and abandoning module AudioCapture (464)
[2017.11.05-17.22.43:486][699]LogModuleManager: Shutting down and abandoning module SequenceRecorder (463)
[2017.11.05-17.22.43:487][699]LogModuleManager: Shutting down and abandoning module SmartSnapping (460)
[2017.11.05-17.22.43:487][699]LogModuleManager: Shutting down and abandoning module SessionServices (458)
[2017.11.05-17.22.43:487][699]LogModuleManager: Shutting down and abandoning module ViewportSnapping (456)
[2017.11.05-17.22.43:487][699]LogModuleManager: Shutting down and abandoning module ViewportInteraction (454)
[2017.11.05-17.22.43:487][699]LogModuleManager: Shutting down and abandoning module ClothPainter (452)
[2017.11.05-17.22.43:489][699]LogModuleManager: Shutting down and abandoning module LogVisualizer (450)
[2017.11.05-17.22.43:490][699]LogModuleManager: Shutting down and abandoning module IntroTutorials (448)
[2017.11.05-17.22.43:491][699]LogModuleManager: Shutting down and abandoning module GameProjectGeneration (447)
[2017.11.05-17.22.43:492][699]LogModuleManager: Shutting down and abandoning module EditorLiveStreaming (444)
[2017.11.05-17.22.43:492][699]LogModuleManager: Shutting down and abandoning module IOSPlatformEditor (442)
[2017.11.05-17.22.43:493][699]LogModuleManager: Shutting down and abandoning module HTML5PlatformEditor (440)
[2017.11.05-17.22.43:493][699]LogModuleManager: Shutting down and abandoning module AndroidPlatformEditor (438)
[2017.11.05-17.22.43:493][699]LogModuleManager: Shutting down and abandoning module AndroidDeviceDetection (437)
[2017.11.05-17.22.43:878][699]LogModuleManager: Shutting down and abandoning module IOSRuntimeSettings (434)
[2017.11.05-17.22.43:878][699]LogModuleManager: Shutting down and abandoning module AndroidRuntimeSettings (432)
[2017.11.05-17.22.43:878][699]LogModuleManager: Shutting down and abandoning module InputBindingEditor (430)
[2017.11.05-17.22.43:878][699]LogModuleManager: Shutting down and abandoning module MergeActors (428)
[2017.11.05-17.22.43:879][699]LogModuleManager: Shutting down and abandoning module SizeMap (426)
[2017.11.05-17.22.43:879][699]LogModuleManager: Shutting down and abandoning module TreeMap (424)
[2017.11.05-17.22.43:879][699]LogModuleManager: Shutting down and abandoning module ReferenceViewer (422)
[2017.11.05-17.22.43:879][699]LogModuleManager: Shutting down and abandoning module LocalizationDashboard (420)
[2017.11.05-17.22.43:880][699]LogModuleManager: Shutting down and abandoning module LocalizationService (419)
[2017.11.05-17.22.43:881][699]LogModuleManager: Shutting down and abandoning module HardwareTargeting (416)
[2017.11.05-17.22.43:881][699]LogModuleManager: Shutting down and abandoning module DeviceProfileEditor (414)
[2017.11.05-17.22.43:881][699]LogModuleManager: Shutting down and abandoning module UndoHistory (412)
[2017.11.05-17.22.43:881][699]LogModuleManager: Shutting down and abandoning module UserFeedback (410)
[2017.11.05-17.22.43:881][699]LogModuleManager: Shutting down and abandoning module XmlParser (408)
[2017.11.05-17.22.43:881][699]LogModuleManager: Shutting down and abandoning module Blutility (406)
[2017.11.05-17.22.43:882][699]LogModuleManager: Shutting down and abandoning module ProjectSettingsViewer (404)
[2017.11.05-17.22.43:882][699]LogModuleManager: Shutting down and abandoning module ProjectTargetPlatformEditor (403)
[2017.11.05-17.22.43:882][699]LogModuleManager: Shutting down and abandoning module EditorSettingsViewer (400)
[2017.11.05-17.22.43:882][699]LogModuleManager: Shutting down and abandoning module SettingsEditor (398)
[2017.11.05-17.22.43:883][699]LogModuleManager: Shutting down and abandoning module ProjectLauncher (396)
[2017.11.05-17.22.43:883][699]LogModuleManager: Shutting down and abandoning module SessionFrontend (394)
[2017.11.05-17.22.43:884][699]LogModuleManager: Shutting down and abandoning module ProfilerClient (392)
[2017.11.05-17.22.43:885][699]LogModuleManager: Shutting down and abandoning module DeviceManager (390)
[2017.11.05-17.22.43:886][699]LogModuleManager: Shutting down and abandoning module TargetDeviceServices (389)
[2017.11.05-17.22.43:940][699]LogModuleManager: Shutting down and abandoning module AutomationController (386)
[2017.11.05-17.22.43:940][699]LogModuleManager: Shutting down and abandoning module AutomationWindow (384)
[2017.11.05-17.22.43:941][699]LogModuleManager: Shutting down and abandoning module Layers (382)
[2017.11.05-17.22.43:944][699]LogModuleManager: Shutting down and abandoning module ComponentVisualizers (380)
[2017.11.05-17.22.43:944][699]LogModuleManager: Shutting down and abandoning module DetailCustomizations (378)
[2017.11.05-17.22.43:945][699]LogModuleManager: Shutting down and abandoning module PackagesDialog (376)
[2017.11.05-17.22.43:946][699]LogModuleManager: Shutting down and abandoning module Persona (374)
[2017.11.05-17.22.43:948][699]LogModuleManager: Shutting down and abandoning module AdvancedPreviewScene (373)
[2017.11.05-17.22.43:948][699]LogModuleManager: Shutting down and abandoning module AnimGraph (371)
[2017.11.05-17.22.43:948][699]LogModuleManager: Shutting down and abandoning module Kismet (368)
[2017.11.05-17.22.43:949][699]LogModuleManager: Shutting down and abandoning module ClassViewer (366)
[2017.11.05-17.22.43:949][699]LogModuleManager: Shutting down and abandoning module Toolbox (364)
[2017.11.05-17.22.43:949][699]LogModuleManager: Shutting down and abandoning module ModuleUI (362)
[2017.11.05-17.22.43:949][699]LogModuleManager: Shutting down and abandoning module MovieSceneTools (360)
[2017.11.05-17.22.43:950][699]LogModuleManager: Shutting down and abandoning module OutputLog (358)
[2017.11.05-17.22.43:951][699]LogModuleManager: Shutting down and abandoning module GammaUI (356)
[2017.11.05-17.22.43:951][699]LogModuleManager: Shutting down and abandoning module Documentation (354)
[2017.11.05-17.22.43:951][699]LogModuleManager: Shutting down and abandoning module MovieSceneTracks (352)
[2017.11.05-17.22.43:951][699]LogModuleManager: Shutting down and abandoning module MovieScene (350)
[2017.11.05-17.22.43:951][699]LogModuleManager: Shutting down and abandoning module Niagara (348)
[2017.11.05-17.22.43:951][699]LogModuleManager: Shutting down and abandoning module NiagaraEditor (347)
[2017.11.05-17.22.43:954][699]LogModuleManager: Shutting down and abandoning module StreamingPauseRendering (344)
[2017.11.05-17.22.43:954][699]LogModuleManager: Shutting down and abandoning module AnalyticsET (342)
[2017.11.05-17.22.43:954][699]LogModuleManager: Shutting down and abandoning module PortalServices (340)
[2017.11.05-17.22.43:954][699]LogModuleManager: Shutting down and abandoning module PortalRpc (338)
[2017.11.05-17.22.43:954][699]LogModuleManager: Shutting down and abandoning module MessagingRpc (336)
[2017.11.05-17.22.43:954][699]LogModuleManager: Shutting down and abandoning module AIModule (334)
[2017.11.05-17.22.43:954][699]LogModuleManager: Shutting down and abandoning module GameplayDebugger (333)
[2017.11.05-17.22.43:954][699]LogModuleManager: Shutting down and abandoning module AITestSuite (331)
[2017.11.05-17.22.43:955][699]LogModuleManager: Shutting down and abandoning module ProfilerService (328)
[2017.11.05-17.22.44:168][699]LogModuleManager: Shutting down and abandoning module TaskGraph (326)
[2017.11.05-17.22.44:169][699]LogModuleManager: Shutting down and abandoning module SteamVRController (324)
[2017.11.05-17.22.44:169][699]LogModuleManager: Shutting down and abandoning module SteamVR (322)
[2017.11.05-17.22.44:169][699]LogModuleManager: Shutting down and abandoning module ProceduralMeshComponentEditor (320)
[2017.11.05-17.22.44:169][699]LogModuleManager: Shutting down and abandoning module ProceduralMeshComponent (318)
[2017.11.05-17.22.44:169][699]LogModuleManager: Shutting down and abandoning module OculusLibrary (316)
[2017.11.05-17.22.44:169][699]LogModuleManager: Shutting down and abandoning module OculusInput (314)
[2017.11.05-17.22.44:169][699]LogModuleManager: Shutting down and abandoning module MobilePatchingUtils (312)
[2017.11.05-17.22.44:169][699]LogModuleManager: Shutting down and abandoning module CustomMeshComponent (310)
[2017.11.05-17.22.44:169][699]LogModuleManager: Shutting down and abandoning module CableComponent (308)
[2017.11.05-17.22.44:169][699]LogModuleManager: Shutting down and abandoning module ArchVisCharacter (306)
[2017.11.05-17.22.44:169][699]LogModuleManager: Shutting down and abandoning module AndroidPermission (304)
[2017.11.05-17.22.44:169][699]LogModuleManager: Shutting down and abandoning module MediaPlayerEditor (300)
[2017.11.05-17.22.44:171][699]LogModuleManager: Shutting down and abandoning module HTML5Networking (298)
[2017.11.05-17.22.44:171][699]LogModuleManager: Shutting down and abandoning module AlembicImporter (296)
[2017.11.05-17.22.44:172][699]LogModuleManager: Shutting down and abandoning module AlembicLibrary (295)
[2017.11.05-17.22.44:172][699]LogModuleManager: Shutting down and abandoning module GeometryCache (294)
[2017.11.05-17.22.44:172][699]LogModuleManager: Shutting down and abandoning module GeometryCacheEd (293)
[2017.11.05-17.22.44:172][699]LogModuleManager: Shutting down and abandoning module SuperSearchEditor (288)
[2017.11.05-17.22.44:172][699]LogModuleManager: Shutting down and abandoning module SuperSearch (287)
[2017.11.05-17.22.44:172][699]LogModuleManager: Shutting down and abandoning module SpeedTreeImporter (284)
[2017.11.05-17.22.44:172][699]LogModuleManager: Shutting down and abandoning module PluginBrowser (282)
[2017.11.05-17.22.44:173][699]LogModuleManager: Shutting down and abandoning module MobileLauncherProfileWizard (280)
[2017.11.05-17.22.44:174][699]LogModuleManager: Shutting down and abandoning module VisualStudioSourceCodeAccess (278)
[2017.11.05-17.22.44:174][699]LogModuleManager: Shutting down and abandoning module DesktopPlatform (277)
[2017.11.05-17.22.44:174][699]LogModuleManager: Shutting down and abandoning module UObjectPlugin (274)
[2017.11.05-17.22.44:174][699]LogModuleManager: Shutting down and abandoning module SubversionSourceControl (272)
[2017.11.05-17.22.44:175][699]LogModuleManager: Shutting down and abandoning module PerforceSourceControl (270)
[2017.11.05-17.22.44:175][699]LogModuleManager: Shutting down and abandoning module GitSourceControl (268)
[2017.11.05-17.22.44:176][699]LogModuleManager: Shutting down and abandoning module SourceControl (267)
[2017.11.05-17.22.44:176][699]LogModuleManager: Shutting down and abandoning module LightPropagationVolumeEditor (264)
[2017.11.05-17.22.44:176][699]LogModuleManager: Shutting down and abandoning module PaperTiledImporter (262)
[2017.11.05-17.22.44:176][699]LogModuleManager: Shutting down and abandoning module PaperSpriteSheetImporter (260)
[2017.11.05-17.22.44:176][699]LogModuleManager: Shutting down and abandoning module Paper2DEditor (258)
[2017.11.05-17.22.44:177][699]LogModuleManager: Shutting down and abandoning module MeshPaint (257)
[2017.11.05-17.22.44:177][699]LogModuleManager: Shutting down and abandoning module LevelEditor (255)
[2017.11.05-17.22.44:178][699]LogModuleManager: Shutting down and abandoning module PixelInspectorModule (254)
[2017.11.05-17.22.44:178][699]LogModuleManager: Shutting down and abandoning module MainFrame (252)
[2017.11.05-17.22.44:179][699]LogModuleManager: Shutting down and abandoning module HotReload (251)
[2017.11.05-17.22.44:179][699]LogModuleManager: Shutting down and abandoning module PhysXVehiclesEditor (246)
[2017.11.05-17.22.44:180][699]LogModuleManager: Shutting down and abandoning module PhysXVehicles (244)
[2017.11.05-17.22.44:180][699]LogModuleManager: Shutting down and abandoning module LocationServicesBPLibrary (242)
[2017.11.05-17.22.44:180][699]LogModuleManager: Shutting down and abandoning module ImmediatePhysicsEditor (240)
[2017.11.05-17.22.44:180][699]LogModuleManager: Shutting down and abandoning module ImmediatePhysics (238)
[2017.11.05-17.22.44:181][699]LogModuleManager: Shutting down and abandoning module UdpMessaging (236)
[2017.11.05-17.22.44:281][699]LogModuleManager: Shutting down and abandoning module TcpMessaging (234)
[2017.11.05-17.22.44:382][699]LogModuleManager: Shutting down and abandoning module GameplayTagsEditor (232)
[2017.11.05-17.22.44:383][699]LogModuleManager: Shutting down and abandoning module FacialAnimationEditor (230)
[2017.11.05-17.22.44:383][699]LogModuleManager: Shutting down and abandoning module FacialAnimation (228)
[2017.11.05-17.22.44:383][699]LogModuleManager: Shutting down and abandoning module AssetManagerEditor (226)
[2017.11.05-17.22.44:384][699]LogModuleManager: Shutting down and abandoning module GraphEditor (225)
[2017.11.05-17.22.44:386][699]LogModuleManager: Shutting down and abandoning module ContentBrowser (223)
[2017.11.05-17.22.44:387][699]LogModuleManager: Shutting down and abandoning module LightPropagationVolumeRuntime (220)
[2017.11.05-17.22.44:387][699]LogModuleManager: Shutting down and abandoning module Paper2D (218)
[2017.11.05-17.22.44:387][699]LogModuleManager: Shutting down and abandoning module WindowsMoviePlayer (216)
[2017.11.05-17.22.44:387][699]LogModuleManager: Shutting down and abandoning module WmfMedia (214)
[2017.11.05-17.22.44:387][699]LogModuleManager: Shutting down and abandoning module ClothingSystemEditor (212)
[2017.11.05-17.22.44:387][699]LogModuleManager: Shutting down and abandoning module ClothingSystemRuntime (210)
[2017.11.05-17.22.44:388][699]LogModuleManager: Shutting down and abandoning module MediaAssets (208)
[2017.11.05-17.22.44:388][699]LogModuleManager: Shutting down and abandoning module GameLiveStreaming (206)
[2017.11.05-17.22.44:389][699]LogModuleManager: Shutting down and abandoning module VREditor (204)
[2017.11.05-17.22.44:389][699]LogModuleManager: Shutting down and abandoning module StringTableEditor (202)
[2017.11.05-17.22.44:389][699]LogModuleManager: Shutting down and abandoning module GameplayTasksEditor (200)
[2017.11.05-17.22.44:389][699]LogModuleManager: Shutting down and abandoning module BehaviorTreeEditor (198)
[2017.11.05-17.22.44:392][699]LogModuleManager: Shutting down and abandoning module FunctionalTesting (196)
[2017.11.05-17.22.44:392][699]LogModuleManager: Shutting down and abandoning module CollisionAnalyzer (194)
[2017.11.05-17.22.44:393][699]LogModuleManager: Shutting down and abandoning module UMG (192)
[2017.11.05-17.22.44:393][699]LogModuleManager: Shutting down and abandoning module UMGEditor (191)
[2017.11.05-17.22.44:395][699]LogModuleManager: Shutting down and abandoning module Sequencer (190)
[2017.11.05-17.22.44:396][699]LogModuleManager: Shutting down and abandoning module AssetTools (188)
[2017.11.05-17.22.44:400][699]LogModuleManager: Shutting down and abandoning module MessageLog (187)
[2017.11.05-17.22.44:400][699]LogModuleManager: Shutting down and abandoning module WorkspaceMenuStructure (186)
[2017.11.05-17.22.44:400][699]LogModuleManager: Shutting down and abandoning module SlateReflector (180)
[2017.11.05-17.22.44:403][699]LogModuleManager: Shutting down and abandoning module Slate (178)
[2017.11.05-17.22.44:403][699]LogModuleManager: Shutting down and abandoning module EditorStyle (176)
[2017.11.05-17.22.44:406][699]LogModuleManager: Shutting down and abandoning module SourceCodeAccess (174)
[2017.11.05-17.22.44:406][699]LogModuleManager: Shutting down and abandoning module HeadMountedDisplay (172)
[2017.11.05-17.22.44:406][699]LogModuleManager: Shutting down and abandoning module XAudio2 (170)
[2017.11.05-17.22.44:406][699]LogModuleManager: Shutting down and abandoning module Networking (168)
[2017.11.05-17.22.44:406][699]LogModuleManager: Shutting down and abandoning module Core (164)
[2017.11.05-17.22.44:406][699]LogModuleManager: Shutting down and abandoning module AssetRegistry (162)
[2017.11.05-17.22.59:298][699]LogDirectoryWatcher: A directory notification for '../../../Engine/Content/' was aborted.
[2017.11.05-17.22.59:298][699]LogDirectoryWatcher: A directory notification for '../../../Engine/Plugins/2D/Paper2D/Content/' was aborted.
[2017.11.05-17.22.59:298][699]LogDirectoryWatcher: A directory notification for '../../../Engine/Plugins/Runtime/GearVR/Content/' was aborted.
[2017.11.05-17.22.59:301][699]LogModuleManager: Shutting down and abandoning module DirectoryWatcher (161)
[2017.11.05-17.22.59:302][699]LogModuleManager: Shutting down and abandoning module KismetCompiler (158)
[2017.11.05-17.22.59:302][699]LogModuleManager: Shutting down and abandoning module LevelSequence (156)
[2017.11.05-17.22.59:302][699]LogModuleManager: Shutting down and abandoning module PhysXFormats (154)
[2017.11.05-17.22.59:302][699]LogModuleManager: Shutting down and abandoning module MeshUtilities (152)
[2017.11.05-17.22.59:304][699]LogModuleManager: Shutting down and abandoning module SimplygonSwarm (151)
[2017.11.05-17.22.59:304][699]LogModuleManager: Shutting down and abandoning module SimplygonMeshReduction (149)
[2017.11.05-17.22.59:304][699]LogModuleManager: Shutting down and abandoning module QuadricMeshReduction (147)
[2017.11.05-17.22.59:305][699]LogModuleManager: Shutting down and abandoning module DerivedDataCache (144)
[2017.11.05-17.22.59:336][699]LogDerivedDataCache: Shutdown
[2017.11.05-17.22.59:336][699]LogModuleManager: Shutting down and abandoning module TargetPlatform (142)
[2017.11.05-17.22.59:336][699]LogModuleManager: Shutting down and abandoning module VulkanShaderFormat (141)
[2017.11.05-17.22.59:337][699]LogModuleManager: Shutting down and abandoning module ShaderFormatVectorVM (139)
[2017.11.05-17.22.59:337][699]LogModuleManager: Shutting down and abandoning module ShaderFormatOpenGL (137)
[2017.11.05-17.22.59:338][699]LogModuleManager: Shutting down and abandoning module ShaderFormatD3D (135)
[2017.11.05-17.22.59:338][699]LogModuleManager: Shutting down and abandoning module MetalShaderFormat (133)
[2017.11.05-17.22.59:339][699]LogModuleManager: Shutting down and abandoning module TextureFormatUncompressed (131)
[2017.11.05-17.22.59:339][699]LogModuleManager: Shutting down and abandoning module TextureFormatPVR (129)
[2017.11.05-17.22.59:339][699]LogModuleManager: Shutting down and abandoning module TextureFormatDXT (127)
[2017.11.05-17.22.59:339][699]LogModuleManager: Shutting down and abandoning module TextureFormatIntelISPCTexComp (125)
[2017.11.05-17.22.59:340][699]LogModuleManager: Shutting down and abandoning module TextureFormatASTC (123)
[2017.11.05-17.22.59:340][699]LogModuleManager: Shutting down and abandoning module ImageWrapper (122)
[2017.11.05-17.22.59:340][699]LogModuleManager: Shutting down and abandoning module TextureFormatAndroid (119)
[2017.11.05-17.22.59:340][699]LogModuleManager: Shutting down and abandoning module AudioFormatOpus (117)
[2017.11.05-17.22.59:340][699]LogModuleManager: Shutting down and abandoning module AudioFormatOgg (115)
[2017.11.05-17.22.59:340][699]LogModuleManager: Shutting down and abandoning module AudioFormatADPCM (113)
[2017.11.05-17.22.59:340][699]LogModuleManager: Shutting down and abandoning module LinuxTargetPlatform (111)
[2017.11.05-17.22.59:340][699]LogModuleManager: Shutting down and abandoning module LinuxServerTargetPlatform (109)
[2017.11.05-17.22.59:340][699]LogModuleManager: Shutting down and abandoning module LinuxNoEditorTargetPlatform (107)
[2017.11.05-17.22.59:340][699]LogModuleManager: Shutting down and abandoning module LinuxClientTargetPlatform (105)
[2017.11.05-17.22.59:340][699]LogModuleManager: Shutting down and abandoning module TVOSTargetPlatform (103)
[2017.11.05-17.22.59:340][699]LogModuleManager: Shutting down and abandoning module Messaging (101)
[2017.11.05-17.22.59:340][699]LogModuleManager: Shutting down and abandoning module IOSTargetPlatform (99)
[2017.11.05-17.22.59:340][699]LogModuleManager: Shutting down and abandoning module HTML5TargetPlatform (97)
[2017.11.05-17.22.59:340][699]LogModuleManager: Shutting down and abandoning module Android_PVRTCTargetPlatform (95)
[2017.11.05-17.22.59:340][699]LogModuleManager: Shutting down and abandoning module Android_MultiTargetPlatform (93)
[2017.11.05-17.22.59:340][699]LogModuleManager: Shutting down and abandoning module Android_ETC2TargetPlatform (91)
[2017.11.05-17.22.59:340][699]LogModuleManager: Shutting down and abandoning module Android_ETC1TargetPlatform (89)
[2017.11.05-17.22.59:340][699]LogModuleManager: Shutting down and abandoning module Android_DXTTargetPlatform (87)
[2017.11.05-17.22.59:340][699]LogModuleManager: Shutting down and abandoning module Android_ATCTargetPlatform (85)
[2017.11.05-17.22.59:340][699]LogModuleManager: Shutting down and abandoning module Android_ASTCTargetPlatform (83)
[2017.11.05-17.22.59:340][699]LogModuleManager: Shutting down and abandoning module AndroidTargetPlatform (81)
[2017.11.05-17.22.59:340][699]LogModuleManager: Shutting down and abandoning module WindowsTargetPlatform (79)
[2017.11.05-17.22.59:340][699]LogModuleManager: Shutting down and abandoning module WindowsServerTargetPlatform (77)
[2017.11.05-17.22.59:340][699]LogModuleManager: Shutting down and abandoning module WindowsNoEditorTargetPlatform (75)
[2017.11.05-17.22.59:340][699]LogModuleManager: Shutting down and abandoning module WindowsClientTargetPlatform (73)
[2017.11.05-17.22.59:340][699]LogModuleManager: Shutting down and abandoning module MacTargetPlatform (71)
[2017.11.05-17.22.59:340][699]LogModuleManager: Shutting down and abandoning module MacServerTargetPlatform (69)
[2017.11.05-17.22.59:340][699]LogModuleManager: Shutting down and abandoning module MacNoEditorTargetPlatform (67)
[2017.11.05-17.22.59:340][699]LogModuleManager: Shutting down and abandoning module MacClientTargetPlatform (65)
[2017.11.05-17.22.59:340][699]LogModuleManager: Shutting down and abandoning module AllDesktopTargetPlatform (63)
[2017.11.05-17.22.59:340][699]LogModuleManager: Shutting down and abandoning module InputCore (60)
[2017.11.05-17.22.59:340][699]LogModuleManager: Shutting down and abandoning module Settings (58)
[2017.11.05-17.22.59:340][699]LogModuleManager: Shutting down and abandoning module OculusRift (56)
[2017.11.05-17.22.59:340][699]LogModuleManager: Shutting down and abandoning module GearVRController (54)
[2017.11.05-17.22.59:340][699]LogModuleManager: Shutting down and abandoning module GearVR (52)
[2017.11.05-17.22.59:341][699]LogModuleManager: Shutting down and abandoning module ExampleDeviceProfileSelector (50)
[2017.11.05-17.22.59:341][699]LogModuleManager: Shutting down and abandoning module OnlineBlueprintSupport (48)
[2017.11.05-17.22.59:341][699]LogModuleManager: Shutting down and abandoning module OnlineSubsystem (44)
[2017.11.05-17.22.59:341][699]LogOnline:Display: Unloading online subsystem: NULL
[2017.11.05-17.22.59:343][699]LogModuleManager: Shutting down and abandoning module XMPP (43)
[2017.11.05-17.22.59:344][699]LogModuleManager: Shutting down and abandoning module HTTP (41)
[2017.11.05-17.22.59:344][699]LogHttp:Display: Http module shutting down, but needs to wait on 1 outstanding Http requests:
[2017.11.05-17.22.59:344][699]LogHttp:Display: 	verb=[POST] url=[https://datarouter.ol.epicgames.com/datarouter/api/v1/public/data?SessionID=%7BBDA60481-4CCF-DDDD-4F97-2F962B18D065%7D&AppID=UEEditor.Rocket.Release&AppVersion=4.16.3-3561208%2B%2B%2BUE4%2BRelease-4.16&UserID=a9f878c440fdb1a8af90e2ab2810ce63%7C6ce8afa7e80d4f5692a7cf4bbbcfa659%7C0c826fc0-7943-4424-a24b-0fdce09f1ac4&AppEnvironment=datacollector-binary&UploadType=eteventstream] status=Processing
[2017.11.05-17.22.59:371][699]LogModuleManager: Shutting down and abandoning module SSL (40)
[2017.11.05-17.22.59:373][699]LogModuleManager: Shutting down and abandoning module HTTPChunkInstaller (36)
[2017.11.05-17.22.59:374][699]LogModuleManager: Shutting down and abandoning module AnimationModifiers (34)
[2017.11.05-17.22.59:375][699]LogModuleManager: Shutting down and abandoning module PropertyEditor (33)
[2017.11.05-17.22.59:375][699]LogModuleManager: Shutting down and abandoning module AudioEditor (30)
[2017.11.05-17.22.59:376][699]LogModuleManager: Shutting down and abandoning module TextureCompressor (28)
[2017.11.05-17.22.59:376][699]LogModuleManager: Shutting down and abandoning module ShaderCore (26)
[2017.11.05-17.22.59:376][699]LogModuleManager: Shutting down and abandoning module Landscape (24)
[2017.11.05-17.22.59:376][699]LogModuleManager: Shutting down and abandoning module SlateRHIRenderer (22)
[2017.11.05-17.22.59:378][699]LogModuleManager: Shutting down and abandoning module OpenGLDrv (20)
[2017.11.05-17.22.59:379][699]LogModuleManager: Shutting down and abandoning module D3D11RHI (18)
[2017.11.05-17.22.59:379][699]LogModuleManager: Shutting down and abandoning module AnimGraphRuntime (16)
[2017.11.05-17.22.59:379][699]LogModuleManager: Shutting down and abandoning module Renderer (14)
[2017.11.05-17.22.59:379][699]LogModuleManager: Shutting down and abandoning module Engine (12)
[2017.11.05-17.22.59:379][699]LogModuleManager: Shutting down and abandoning module CoreUObject (10)
[2017.11.05-17.22.59:379][699]LogModuleManager: Shutting down and abandoning module NetworkFile (8)
[2017.11.05-17.22.59:379][699]LogModuleManager: Shutting down and abandoning module StreamingFile (6)
[2017.11.05-17.22.59:379][699]LogModuleManager: Shutting down and abandoning module SandboxFile (4)
[2017.11.05-17.22.59:379][699]LogModuleManager: Shutting down and abandoning module PakFile (2)
[2017.11.05-17.22.59:383][699]LogExit: Exiting.
[2017.11.05-17.22.59:421][699]Log file closed, 11/05/17 10:22:59
