Log file open, 11/06/17 10:43:12
LogInit:Display: Running engine for game: Toast
LogPlatformFile: Not using cached read wrapper
LogInit:Display: RandInit(-1745512663) SRandInit(-1745512663).
LogTaskGraph: Started task graph with 5 named threads and 8 total threads with 1 sets of task threads.
LogStats: Stats thread started at 0.108983
LogInit: Using libcurl 7.47.1
LogInit:  - built for x86_64-pc-win32
LogInit:  - supports SSL with OpenSSL/1.0.2g
LogInit:  - supports HTTP deflate (compression) using libz 1.2.8
LogInit:  - other features:
LogInit:      CURL_VERSION_SSL
LogInit:      CURL_VERSION_LIBZ
LogInit:      CURL_VERSION_IPV6
LogInit:      CURL_VERSION_ASYNCHDNS
LogInit:      CURL_VERSION_LARGEFILE
LogInit:      CURL_VERSION_IDN
LogInit:  CurlRequestOptions (configurable via config and command line):
LogInit:  - bVerifyPeer = false  - Libcurl will NOT verify peer certificate
LogInit:  - bUseHttpProxy = false  - Libcurl will NOT use HTTP proxy
LogInit:  - bDontReuseConnections = false  - Libcurl will reuse connections
LogInit:  - CertBundlePath = nullptr  - Libcurl will use whatever was configured at build time.
LogInit: Build: ++UE4+Release-4.16-CL-3561208
LogInit: Engine Version: 4.16.3-3561208+++UE4+Release-4.16
LogInit: Compatible Engine Version: 4.16.0-3452394+++UE4+Release-4.16
LogInit: Net CL: 3452394
LogDevObjectVersion: Number of dev versions registered: 16
LogDevObjectVersion:   Dev-Blueprints (B0D832E4-1F89-4F0D-ACCF-7EB736FD4AA2): 9
LogDevObjectVersion:   Dev-Build (E1C64328-A22C-4D53-A36C-8E866417BD8C): 0
LogDevObjectVersion:   Dev-Core (375EC13C-06E4-48FB-B500-84F0262A717E): 2
LogDevObjectVersion:   Dev-Editor (E4B068ED-F494-42E9-A231-DA0B2E46BB41): 17
LogDevObjectVersion:   Dev-Framework (CFFC743F-43B0-4480-9391-14DF171D2073): 23
LogDevObjectVersion:   Dev-Mobile (B02B49B5-BB20-44E9-A304-32B752E40360): 0
LogDevObjectVersion:   Dev-Networking (A4E4105C-59A1-49B5-A7C5-40C4547EDFEE): 0
LogDevObjectVersion:   Dev-Online (39C831C9-5AE6-47DC-9A44-9C173E1C8E7C): 0
LogDevObjectVersion:   Dev-Physics (78F01B33-EBEA-4F98-B9B4-84EACCB95AA2): 0
LogDevObjectVersion:   Dev-Platform (6631380F-2D4D-43E0-8009-CF276956A95A): 0
LogDevObjectVersion:   Dev-Rendering (12F88B9F-8875-4AFC-A67C-D90C383ABD29): 15
LogDevObjectVersion:   Dev-Sequencer (7B5AE74C-D270-4C10-A958-57980B212A5A): 4
LogDevObjectVersion:   Dev-VR (D7296918-1DD6-4BDD-9DE2-64A83CC13884): 0
LogDevObjectVersion:   Dev-LoadTimes (C2A15278-BFE7-4AFE-6C17-90FF531DF755): 1
LogDevObjectVersion:   Private-Geometry (6EACA3D4-40EC-4CC1-B786-8BED09428FC5): 1
LogDevObjectVersion:   Dev-AnimPhys (29E575DD-E0A3-4627-9D10-D276232CDCEA): 3
LogInit: Compiled (64-bit): Jul 28 2017 11:49:47
LogInit: Compiled with Visual C++: 19.00.24215.01
LogInit: Build Configuration: Development
LogInit: Branch Name: ++UE4+Release-4.16
LogInit: Command line: -EpicPortal 
LogInit: Base directory: C:/Program Files/Epic Games/UE_4.16/Engine/Binaries/Win64/
LogInit: Installed Engine Build: 1
LogInit: Presizing for max 8388607 objects, including 0 objects not considered by GC, pre-allocating 0 bytes for permanent pool.
LogInit: Object subsystem initialized
[2017.11.06-17.43.12:908][  0]LogInit: Selected Device Profile: [Windows]
[2017.11.06-17.43.12:908][  0]LogInit: Applying CVar settings loaded from the selected device profile: [Windows]
[2017.11.06-17.43.12:922][  0]LogInit: Computer: ALF
[2017.11.06-17.43.12:922][  0]LogInit: User: alrod000
[2017.11.06-17.43.12:922][  0]LogInit: CPU Page size=4096, Cores=4
[2017.11.06-17.43.12:922][  0]LogInit: High frequency timer resolution =3.312791 MHz
[2017.11.06-17.43.12:923][  0]LogMemory: Memory total: Physical=8.0GB (8GB approx)
[2017.11.06-17.43.12:923][  0]LogMemory: Platform Memory Stats for Windows
[2017.11.06-17.43.12:923][  0]LogMemory: Process Physical Memory: 274.80 MB used, 274.80 MB peak
[2017.11.06-17.43.12:923][  0]LogMemory: Process Virtual Memory: 266.71 MB used, 266.71 MB peak
[2017.11.06-17.43.12:923][  0]LogMemory: Physical Memory: 4422.57 MB used,  3738.84 MB free, 8161.41 MB total
[2017.11.06-17.43.12:923][  0]LogMemory: Virtual Memory: 629.32 MB used,  3738.84 MB free, 134217728.00 MB total
[2017.11.06-17.43.13:051][  0]LogInit: Using OS detected language (en-US).
[2017.11.06-17.43.13:051][  0]LogInit: Using OS detected locale (en-US).
[2017.11.06-17.43.13:056][  0]LogTextLocalizationManager: No specific localization for 'en-US' exists, so the 'en' localization will be used.
[2017.11.06-17.43.14:152][  0]LogD3D11RHI: D3D11 adapters:
[2017.11.06-17.43.14:198][  0]LogD3D11RHI:    0. 'NVIDIA GeForce GTX 980' (Feature Level 11_0)
[2017.11.06-17.43.14:198][  0]LogD3D11RHI:       4060/0/4080 MB DedicatedVideo/DedicatedSystem/SharedSystem, Outputs:2, VendorId:0x10de
[2017.11.06-17.43.14:201][  0]LogD3D11RHI:    1. 'Microsoft Basic Render Driver' (Feature Level 11_0)
[2017.11.06-17.43.14:201][  0]LogD3D11RHI:       0/0/4080 MB DedicatedVideo/DedicatedSystem/SharedSystem, Outputs:0, VendorId:0x1414
[2017.11.06-17.43.14:201][  0]LogD3D11RHI: Chosen D3D11 Adapter: 0
[2017.11.06-17.43.14:206][  0]LogD3D11RHI: Creating new Direct3DDevice
[2017.11.06-17.43.14:206][  0]LogD3D11RHI:     GPU DeviceId: 0x13c0 (for the marketing name, search the web for "GPU Device Id")
[2017.11.06-17.43.14:206][  0]LogWindows: EnumDisplayDevices:
[2017.11.06-17.43.14:207][  0]LogWindows:    0. 'NVIDIA GeForce GTX 980' (P:1 D:1)
[2017.11.06-17.43.14:207][  0]LogWindows:    1. 'NVIDIA GeForce GTX 980' (P:0 D:1)
[2017.11.06-17.43.14:207][  0]LogWindows:    2. 'NVIDIA GeForce GTX 980' (P:0 D:0)
[2017.11.06-17.43.14:207][  0]LogWindows:    3. 'NVIDIA GeForce GTX 980' (P:0 D:0)
[2017.11.06-17.43.14:207][  0]LogWindows: DebugString: FoundDriverCount:4 
[2017.11.06-17.43.14:207][  0]LogD3D11RHI:     Adapter Name: NVIDIA GeForce GTX 980
[2017.11.06-17.43.14:207][  0]LogD3D11RHI:   Driver Version: 385.69 (internal:22.21.13.8569, unified:385.69)
[2017.11.06-17.43.14:207][  0]LogD3D11RHI:      Driver Date: 9-16-2017
[2017.11.06-17.43.14:207][  0]LogRHI: Texture pool is 1361 MB (70% of 1945 MB)
[2017.11.06-17.43.14:232][  0]LogD3D11RHI: Async texture creation enabled
[2017.11.06-17.43.14:243][  0]LogD3D11RHI: GPU Timing Frequency: 1000.000000 (Debug: 2 1)
[2017.11.06-17.43.14:340][  0]LogShaderCompilers: Guid format shader working directory is -38 characters bigger than the processId version (../../../../../../Users/alrod_000/Documents/Unreal Projects/EAE 3660/Final Project/Toast/Intermediate/Shaders/WorkingDirectory/1972/).
[2017.11.06-17.43.14:340][  0]LogShaderCompilers: Cleaned the shader compiler working directory 'C:/Users/alrod_000/AppData/Local/Temp/UnrealShaderWorkingDir/1985F4B0486BB41FFFD4A9866DFA01FE/'.
[2017.11.06-17.43.14:340][  0]LogShaderCompilers:Display: Using Local Shader Compiler.
[2017.11.06-17.43.15:593][  0]LogTemp:Display: Loaded TP AllDesktopTargetPlatform
[2017.11.06-17.43.15:694][  0]LogTemp:Display: Loaded TP MacClientTargetPlatform
[2017.11.06-17.43.15:793][  0]LogTemp:Display: Loaded TP MacNoEditorTargetPlatform
[2017.11.06-17.43.15:893][  0]LogTemp:Display: Loaded TP MacServerTargetPlatform
[2017.11.06-17.43.15:992][  0]LogTemp:Display: Loaded TP MacTargetPlatform
[2017.11.06-17.43.16:090][  0]LogTemp:Display: Loaded TP WindowsClientTargetPlatform
[2017.11.06-17.43.16:190][  0]LogTemp:Display: Loaded TP WindowsNoEditorTargetPlatform
[2017.11.06-17.43.16:289][  0]LogTemp:Display: Loaded TP WindowsServerTargetPlatform
[2017.11.06-17.43.16:381][  0]LogTemp:Display: Loaded TP WindowsTargetPlatform
[2017.11.06-17.43.16:476][  0]LogTemp:Display: Loaded TP AndroidTargetPlatform
[2017.11.06-17.43.16:570][  0]LogTemp:Display: Loaded TP Android_ASTCTargetPlatform
[2017.11.06-17.43.16:661][  0]LogTemp:Display: Loaded TP Android_ATCTargetPlatform
[2017.11.06-17.43.16:755][  0]LogTemp:Display: Loaded TP Android_DXTTargetPlatform
[2017.11.06-17.43.16:852][  0]LogTemp:Display: Loaded TP Android_ETC1TargetPlatform
[2017.11.06-17.43.16:953][  0]LogTemp:Display: Loaded TP Android_ETC2TargetPlatform
[2017.11.06-17.43.17:157][  0]LogTemp:Display: Loaded TP Android_MultiTargetPlatform
[2017.11.06-17.43.17:157][  0]LogTemp:Display: Loaded TP Android_PVRTCTargetPlatform
[2017.11.06-17.43.17:244][  0]LogTemp:Display: Loaded TP HTML5TargetPlatform
[2017.11.06-17.43.17:402][  0]LogTemp:Display: Loaded TP IOSTargetPlatform
[2017.11.06-17.43.17:451][  0]LogTemp:Display: Loaded TP TVOSTargetPlatform
[2017.11.06-17.43.17:546][  0]LogTemp:Display: Loaded TP LinuxClientTargetPlatform
[2017.11.06-17.43.17:643][  0]LogTemp:Display: Loaded TP LinuxNoEditorTargetPlatform
[2017.11.06-17.43.17:739][  0]LogTemp:Display: Loaded TP LinuxServerTargetPlatform
[2017.11.06-17.43.17:835][  0]LogTemp:Display: Loaded TP LinuxTargetPlatform
[2017.11.06-17.43.17:835][  0]LogTargetPlatformManager:Display: Building Assets For Windows
[2017.11.06-17.43.19:127][  0]LogDerivedDataCache:Display: Max Cache Size: 512 MB
[2017.11.06-17.43.19:233][  0]LogDerivedDataCache: Loaded boot cache 0.11s 90MB C:/Users/alrod_000/AppData/Local/UnrealEngine/4.16/DerivedDataCache/Boot.ddc.
[2017.11.06-17.43.19:233][  0]LogDerivedDataCache:Display: Loaded Boot cache: C:/Users/alrod_000/AppData/Local/UnrealEngine/4.16/DerivedDataCache/Boot.ddc
[2017.11.06-17.43.19:233][  0]LogDerivedDataCache: FDerivedDataBackendGraph:  Pak pak cache file ../../../../../../Users/alrod_000/Documents/Unreal Projects/EAE 3660/Final Project/Toast/DerivedDataCache/DDC.ddp not found, will not use a pak cache.
[2017.11.06-17.43.19:233][  0]LogDerivedDataCache: Unable to find inner node Pak for hierarchical cache Hierarchy.
[2017.11.06-17.43.19:233][  0]LogDerivedDataCache: FDerivedDataBackendGraph:  CompressedPak pak cache file ../../../../../../Users/alrod_000/Documents/Unreal Projects/EAE 3660/Final Project/Toast/DerivedDataCache/Compressed.ddp not found, will not use a pak cache.
[2017.11.06-17.43.19:233][  0]LogDerivedDataCache: Unable to find inner node CompressedPak for hierarchical cache Hierarchy.
[2017.11.06-17.43.19:259][  0]LogDerivedDataCache:Display: Pak cache opened for reading ../../../Engine/DerivedDataCache/Compressed.ddp.
[2017.11.06-17.43.19:272][  0]LogDerivedDataCache: Using Local data cache path C:/Users/alrod_000/AppData/Local/UnrealEngine/Common/DerivedDataCache: Writable
[2017.11.06-17.43.19:284][  0]LogMaterial: Verifying Global Shaders for PCD3D_SM5
[2017.11.06-17.43.19:284][  0]LogSlate: Using Freetype 2.6.0
[2017.11.06-17.43.19:285][  0]LogSlate: SlateFontCache - WITH_FREETYPE: 1, WITH_HARFBUZZ: 1
[2017.11.06-17.43.19:285][  0]LogSlate: SlateFontCache - WITH_FREETYPE: 1, WITH_HARFBUZZ: 1
[2017.11.06-17.43.19:774][  0]LogInit: Selected Device Profile: [Windows]
[2017.11.06-17.43.19:862][  0]LogContentStreaming: Texture pool size is 0.00 MB
[2017.11.06-17.43.20:110][  0]LogMeshUtilities: Using QuadricMeshReduction for automatic static mesh reduction
[2017.11.06-17.43.20:236][  0]LogSimplygon: Simplygon DLL not present - disabling.
[2017.11.06-17.43.20:369][  0]LogMeshUtilities: Using SimplygonSwarm for distributed automatic mesh merging
[2017.11.06-17.43.20:370][  0]LogMeshUtilities: No automatic skeletal mesh reduction module available
[2017.11.06-17.43.20:370][  0]LogMeshUtilities: No automatic mesh merging module available
[2017.11.06-17.43.21:404][  0]LogNetVersion: Toast , NetCL: 3452394, EngineNetVer: 2, GameNetVer: 0 (Checksum: 164098987)
[2017.11.06-17.43.21:495][  0]LogAssetRegistry: FAssetRegistry took 0.0270 seconds to start up
[2017.11.06-17.43.21:613][  0]LogPackageLocalizationCache: Processed 4 localized package path(s) for 2 prioritized culture(s) in 0.071644 seconds
[2017.11.06-17.43.21:619][  0]LogUObjectArray: 34194 objects as part of root set at end of initial load.
[2017.11.06-17.43.21:619][  0]LogUObjectAllocator: 7260424 out of 0 bytes used by permanent object pool.
[2017.11.06-17.43.21:619][  0]LogUObjectArray: CloseDisregardForGC: 0/0 objects in disregard for GC pool
[2017.11.06-17.43.21:742][  0]LogInit: WinSock: version 1.1 (2.2), MaxSocks=32767, MaxUdp=65467
[2017.11.06-17.43.26:062][  0]LogTcpMessaging: Initializing TcpMessaging bridge
[2017.11.06-17.43.26:130][  0]LogUdpMessaging: Initializing bridge on interface 0.0.0.0:0 to multicast group 230.0.0.1:6666.
[2017.11.06-17.43.27:172][  0]LogMaterial: Uniform references updated for custom material expression Custom.
[2017.11.06-17.43.27:963][  0]SourceControl: Info Source control is disabled
[2017.11.06-17.43.28:023][  0]SourceControl: Info Source control is disabled
[2017.11.06-17.43.28:129][  0]SourceControl: Info Source control is disabled
[2017.11.06-17.43.28:232][  0]SourceControl: Info Source control is disabled
[2017.11.06-17.43.29:685][  0]LogAndroidPermission: UAndroidPermissionCallbackProxy::GetInstance
[2017.11.06-17.43.30:939][  0]LogEngine: Initializing Engine...
[2017.11.06-17.43.30:941][  0]LogHMD: Failed to initialize OpenVR with code 110
[2017.11.06-17.43.31:168][  0]LogStats: UGameplayTagsManager::ConstructGameplayTagTree: Construct from data asset -  0.000 s
[2017.11.06-17.43.31:169][  0]LogStats: UGameplayTagsManager::ConstructGameplayTagTree: GameplayTagTreeChangedEvent.Broadcast -  0.000 s
[2017.11.06-17.43.31:444][  0]LogAIModule: Creating AISystem for world Untitled
[2017.11.06-17.43.31:469][  0]LogInit: XAudio2 using 'Speakers (USB Audio Device)' : 2 channels at 44.1 kHz using 16 bits per sample (channel mask 0x3)
[2017.11.06-17.43.31:497][  0]LogInit: FAudioDevice initialized.
[2017.11.06-17.43.31:546][  0]LogDerivedDataCache: Saved boot cache 0.05s 90MB C:/Users/alrod_000/AppData/Local/UnrealEngine/4.16/DerivedDataCache/Boot.ddc.
[2017.11.06-17.43.31:558][  0]LogInit: Texture streaming: Enabled
[2017.11.06-17.43.31:737][  0]LogEngineSessionManager: EngineSessionManager initialized
[2017.11.06-17.43.32:210][  0]LogInit: Transaction tracking system initialized
[2017.11.06-17.43.32:893][  0]BlueprintLog: New page: Editor Load
[2017.11.06-17.43.35:063][  0]LocalizationService: Info Localization service is disabled
[2017.11.06-17.43.36:511][  0]LogConsoleResponse:Display: 
[2017.11.06-17.43.36:722][  0]LogCook:Display: Max memory allowance for cook 16384mb min free memory 0mb
[2017.11.06-17.43.36:722][  0]LogCook:Display: Mobile HDR setting 1
[2017.11.06-17.43.37:327][  0]LogFileCache: Scanning file cache for directory 'C:/Users/alrod_000/Documents/Unreal Projects/EAE 3660/Final Project/Toast/Content/' took 0.01s
[2017.11.06-17.43.38:991][  0]SourceControl: Info Source control is disabled
[2017.11.06-17.43.38:991][  0]Cmd: MAP LOAD FILE="../../../Engine/Content/Maps/Templates/Template_Default.umap" TEMPLATE=1 SHOWPROGRESS=1 FEATURELEVEL=3
[2017.11.06-17.43.38:991][  0]LightingResults: New page: Lighting Build
[2017.11.06-17.43.39:080][  0]MapCheck: New page: Map Check
[2017.11.06-17.43.39:080][  0]LightingResults: New page: Lighting Build
[2017.11.06-17.43.39:313][  0]LogAIModule: Creating AISystem for world Untitled_1
[2017.11.06-17.43.39:314][  0]LogActorComponent: RegisterComponentWithWorld: (/Temp/Untitled_1.Untitled_1:PersistentLevel.WorldSettings_1.StaticMeshComponent0) Trying to register component with IsPendingKill() == true. Aborting.
[2017.11.06-17.43.39:319][  0]LogEditorServer: Finished looking for orphan Actors (0.000 secs)
[2017.11.06-17.43.39:333][  0]Cmd: MAP CHECKDEP NOCLEARLOG
[2017.11.06-17.43.39:476][  0]MapCheck: Info Map check complete: 0 Error(s), 0 Warning(s), took 142.57ms to complete.
[2017.11.06-17.43.39:476][  0]LogFileHelpers: Loading map 'Template_Default' took 0.486
[2017.11.06-17.43.39:683][  0]LogCollectionManager: Loaded 0 collections in 0.003172 seconds
[2017.11.06-17.43.39:833][  0]LogFileCache: Scanning file cache for directory 'C:/Users/alrod_000/Documents/Unreal Projects/EAE 3660/Final Project/Toast/Saved/Collections/' took 0.01s
[2017.11.06-17.43.39:833][  0]LogFileCache: Scanning file cache for directory 'C:/Users/alrod_000/Documents/Unreal Projects/EAE 3660/Final Project/Toast/Content/Developers/alrod000/Collections/' took 0.01s
[2017.11.06-17.43.39:833][  0]LogFileCache: Scanning file cache for directory 'C:/Users/alrod_000/Documents/Unreal Projects/EAE 3660/Final Project/Toast/Content/Collections/' took 0.01s
[2017.11.06-17.43.39:833][  0]LogCollectionManager: Rebuilt the GUID cache for 0 collections in 0.000002 seconds
[2017.11.06-17.43.39:845][  0]LogContentBrowser: Native class hierarchy populated in 0.0105 seconds. Added 2329 classes and 491 folders.
[2017.11.06-17.43.39:983][  0]LogContentBrowser: Native class hierarchy updated for 'WidgetCarousel' in 0.0006 seconds. Added 0 classes and 0 folders.
[2017.11.06-17.43.40:128][  0]LogContentBrowser: Native class hierarchy updated for 'AddContentDialog' in 0.0006 seconds. Added 0 classes and 0 folders.
[2017.11.06-17.43.40:226][  0]LogContentBrowser: Native class hierarchy updated for 'SceneOutliner' in 0.0006 seconds. Added 1 classes and 2 folders.
[2017.11.06-17.43.40:318][  0]LogCrashTracker: Crashtracker disabled due to settings.
[2017.11.06-17.43.40:330][  0]LogSlate: Took 0.000409 seconds to synchronously load lazily loaded font '../../../Engine/Content/Slate/Fonts/Roboto-Regular.ttf' (155K)
[2017.11.06-17.43.40:334][  0]LogSlate: Took 0.000507 seconds to synchronously load lazily loaded font '../../../Engine/Content/Slate/Fonts/Roboto-Bold.ttf' (160K)
[2017.11.06-17.43.40:344][  0]LogSlate: Took 0.001457 seconds to synchronously load lazily loaded font '../../../Engine/Content/Editor/Slate/Fonts/FontAwesome.ttf' (139K)
[2017.11.06-17.43.40:477][  0]LogRenderer: Reallocating scene render targets to support 1124x576 NumSamples 1 (Frame:1).
[2017.11.06-17.43.40:618][  0]LogUObjectGlobals:Warning: Failed to find object 'Class None.'
[2017.11.06-17.43.40:730][  0]LogContentBrowser: Native class hierarchy updated for 'HierarchicalLODOutliner' in 0.0006 seconds. Added 1 classes and 2 folders.
[2017.11.06-17.43.40:731][  0]LogLoad: (Engine Initialization) Total time: 30.75 seconds
[2017.11.06-17.43.40:731][  0]LogLoad: (Engine Initialization) Total Blueprint compile time: 0.19 seconds
[2017.11.06-17.43.40:731][  0]LogExternalProfiler: No external profilers were discovered.  External profiling features will not be available.
[2017.11.06-17.43.40:740][  0]LogWindowsTextInputMethodSystem:Display: IME system now deactivated.
[2017.11.06-17.43.40:741][  0]LogOcInput: OculusInput pre-init called
[2017.11.06-17.43.40:741][  0]LogHMD: Starting GearVRController plugin
[2017.11.06-17.43.40:761][  0]LogContentStreaming: Texture pool size now 1000 MB
[2017.11.06-17.43.40:807][  0]LogSlate: Took 0.001274 seconds to synchronously load lazily loaded font '../../../Engine/Content/Slate/Fonts/Roboto-Light.ttf' (159K)
[2017.11.06-17.43.40:820][  1]LogAssetRegistry: Asset discovery search completed in 19.3465 seconds
[2017.11.06-17.43.40:821][  1]LogCollectionManager: Rebuilt the object cache for 0 collections in 0.000001 seconds (found 0 objects)
[2017.11.06-17.43.40:822][  1]LogCollectionManager: Fixed up redirectors for 0 collections in 0.000035 seconds (updated 0 objects)
[2017.11.06-17.43.41:764][108]LogSlate: Took 0.000361 seconds to synchronously load lazily loaded font '../../../Engine/Content/Slate/Fonts/Roboto-Light.ttf' (159K)
[2017.11.06-17.43.45:579][552]LogSlate: Took 0.000268 seconds to synchronously load lazily loaded font '../../../Engine/Content/Slate/Fonts/Roboto-Light.ttf' (159K)
[2017.11.06-17.43.55:524][677]LogAIModule: Creating AISystem for world Toaster_Interior
[2017.11.06-17.43.55:540][677]Cmd: MAP LOAD FILE="../../../../../../Users/alrod_000/Documents/Unreal Projects/EAE 3660/Final Project/Toast/Content/Maps/Toaster_Interior.umap" TEMPLATE=0 SHOWPROGRESS=1 FEATURELEVEL=3
[2017.11.06-17.43.55:540][677]LightingResults: New page: Lighting Build
[2017.11.06-17.43.55:542][677]LoadErrors: New page: Loading map: Toaster_Interior.umap
[2017.11.06-17.43.55:544][677]MapCheck: New page: Map Check
[2017.11.06-17.43.55:544][677]LightingResults: New page: Lighting Build
[2017.11.06-17.43.55:558][677]LogUObjectHash:Warning: Ambiguous search, could be ObjectProperty /Script/Engine.LevelCollection:PersistentLevel or ObjectProperty /Script/Engine.World:PersistentLevel
[2017.11.06-17.43.55:558][677]LogUObjectHash:Warning: Ambiguous search, could be ObjectProperty /Script/Engine.LevelCollection:PersistentLevel or Level /Game/Maps/Toaster_Interior.Toaster_Interior:PersistentLevel
[2017.11.06-17.43.55:559][677]LogEditorServer: Finished looking for orphan Actors (0.000 secs)
[2017.11.06-17.43.55:586][677]Cmd: MAP CHECKDEP NOCLEARLOG
[2017.11.06-17.43.55:738][677]MapCheck: Info Map check complete: 0 Error(s), 0 Warning(s), took 151.169ms to complete.
[2017.11.06-17.43.55:739][677]LogFileHelpers: Loading map 'Toaster_Interior' took 0.199
[2017.11.06-17.44.14:811][908]LogTemp: Repeting last play command: Selected Viewport
[2017.11.06-17.44.14:867][908]LogPlayLevel: PlayLevel: No blueprints needed recompiling
[2017.11.06-17.44.14:868][908]PIE: New page: PIE session: Toaster_Interior (Nov 6, 2017, 3:44:14 AM)
[2017.11.06-17.44.14:869][908]LogPlayLevel: Creating play world package: /Game/Maps/UEDPIE_0_Toaster_Interior
[2017.11.06-17.44.14:875][908]LogPlayLevel: PIE: StaticDuplicateObject took: (0.006575s)
[2017.11.06-17.44.14:876][908]LogAIModule: Creating AISystem for world Toaster_Interior
[2017.11.06-17.44.14:876][908]LogPlayLevel: PIE: World Init took: (0.000676s)
[2017.11.06-17.44.14:876][908]LogPlayLevel: PIE: Created PIE world by copying editor world from /Game/Maps/Toaster_Interior.Toaster_Interior to /Game/Maps/UEDPIE_0_Toaster_Interior.Toaster_Interior (0.007461s)
[2017.11.06-17.44.14:902][908]LogInit: XAudio2 using 'Speakers (USB Audio Device)' : 2 channels at 44.1 kHz using 16 bits per sample (channel mask 0x3)
[2017.11.06-17.44.14:911][908]LogInit: FAudioDevice initialized.
[2017.11.06-17.44.14:958][908]LogLoad: Game class is 'GameModeBase'
[2017.11.06-17.44.14:961][908]LogWorld: Bringing World /Game/Maps/UEDPIE_0_Toaster_Interior.Toaster_Interior up for play (max tick rate 0) at 2017.11.06-10.44.14
[2017.11.06-17.44.14:967][908]LogWorld: Bringing up level for play took: 0.007086
[2017.11.06-17.44.15:057][908]LogContentBrowser: Native class hierarchy updated for 'MovieSceneCapture' in 0.0007 seconds. Added 11 classes and 0 folders.
[2017.11.06-17.44.15:059][908]PIE: Info Play in editor start time for /Game/Maps/UEDPIE_0_Toaster_Interior 0.601
[2017.11.06-17.48.11:192][970]LogLinker: Can't find file '/Engine/Transient'
[2017.11.06-17.48.34:869][ 67]LogSavePackage: Save=58.67ms
[2017.11.06-17.48.34:869][ 67]LogSavePackage: Moving '../../../../../../Users/alrod_000/Documents/Unreal Projects/EAE 3660/Final Project/Toast/Saved/Toaster_InteriorBEAD0B9D4D1EB5AE08E2A5932E3D106D.tmp' to '../../../../../../Users/alrod_000/Documents/Unreal Projects/EAE 3660/Final Project/Toast/Content/Maps/Toaster_Interior.umap'
[2017.11.06-17.48.34:878][ 67]LogSavePackage:Display: Finished SavePackage ../../../../../../Users/alrod_000/Documents/Unreal Projects/EAE 3660/Final Project/Toast/Content/Maps/Toaster_Interior.umap
[2017.11.06-17.48.34:900][ 67]LogFileHelpers: Saving map 'Toaster_Interior' took 0.282
[2017.11.06-17.48.34:928][ 67]LogPlayLevel: PlayLevel: No blueprints needed recompiling
[2017.11.06-17.48.34:928][ 67]PIE: New page: PIE session: Toaster_Interior (Nov 6, 2017, 3:48:34 AM)
[2017.11.06-17.48.34:928][ 67]LogPlayLevel: Creating play world package: /Game/Maps/UEDPIE_0_Toaster_Interior
[2017.11.06-17.48.34:935][ 67]LogPlayLevel: PIE: StaticDuplicateObject took: (0.006662s)
[2017.11.06-17.48.34:935][ 67]LogAIModule: Creating AISystem for world Toaster_Interior
[2017.11.06-17.48.34:936][ 67]LogPlayLevel: PIE: World Init took: (0.000845s)
[2017.11.06-17.48.34:936][ 67]LogPlayLevel: PIE: Created PIE world by copying editor world from /Game/Maps/Toaster_Interior.Toaster_Interior to /Game/Maps/UEDPIE_0_Toaster_Interior.Toaster_Interior (0.007739s)
[2017.11.06-17.48.34:967][ 67]LogInit: XAudio2 using 'Speakers (USB Audio Device)' : 2 channels at 44.1 kHz using 16 bits per sample (channel mask 0x3)
[2017.11.06-17.48.34:977][ 67]LogInit: FAudioDevice initialized.
[2017.11.06-17.48.35:064][ 67]LogLoad: Game class is 'GameModeBase'
[2017.11.06-17.48.35:067][ 67]LogWorld: Bringing World /Game/Maps/UEDPIE_0_Toaster_Interior.Toaster_Interior up for play (max tick rate 0) at 2017.11.06-10.48.35
[2017.11.06-17.48.35:067][ 67]LogWorld: Bringing up level for play took: 0.001805
[2017.11.06-17.48.35:067][ 67]LogGameMode: FindPlayerStart: PATHS NOT DEFINED or NO PLAYERSTART with positive rating
[2017.11.06-17.48.35:074][ 67]PIE: Info Play in editor start time for /Game/Maps/UEDPIE_0_Toaster_Interior 0.617
[2017.11.06-17.48.35:082][ 67]LogContentStreaming: Texture pool size now 1068 MB
[2017.11.06-17.48.35:107][ 68]LogRenderer: Reallocating scene render targets to support 1280x720 NumSamples 1 (Frame:1).
[2017.11.06-17.48.35:112][ 68]LogRenderer: Reallocating scene render targets to support 1280x720 NumSamples 1 (Frame:9258).
[2017.11.06-17.48.35:237][ 74]LogContentStreaming: Texture pool size now 1098 MB
[2017.11.06-17.48.46:550][300]LogRenderer: Reallocating scene render targets to support 1280x720 NumSamples 1 (Frame:9260).
[2017.11.06-17.48.46:637][305]LogContentStreaming: Texture pool size now 1000 MB
[2017.11.06-17.49.01:492][598]LogSavePackage: Save=53.56ms
[2017.11.06-17.49.01:492][598]LogSavePackage: Moving '../../../../../../Users/alrod_000/Documents/Unreal Projects/EAE 3660/Final Project/Toast/Saved/Toaster_InteriorD3A7BCC24E3BD5E105083ABC6EF1EA48.tmp' to '../../../../../../Users/alrod_000/Documents/Unreal Projects/EAE 3660/Final Project/Toast/Content/Maps/Toaster_Interior.umap'
[2017.11.06-17.49.01:574][598]LogSavePackage:Display: Finished SavePackage ../../../../../../Users/alrod_000/Documents/Unreal Projects/EAE 3660/Final Project/Toast/Content/Maps/Toaster_Interior.umap
[2017.11.06-17.49.01:596][598]LogFileHelpers: Saving map 'Toaster_Interior' took 0.330
[2017.11.06-17.49.01:614][598]LogPlayLevel: PlayLevel: No blueprints needed recompiling
[2017.11.06-17.49.01:614][598]PIE: New page: PIE session: Toaster_Interior (Nov 6, 2017, 3:49:01 AM)
[2017.11.06-17.49.01:614][598]LogPlayLevel: Creating play world package: /Game/Maps/UEDPIE_0_Toaster_Interior
[2017.11.06-17.49.01:621][598]LogPlayLevel: PIE: StaticDuplicateObject took: (0.006436s)
[2017.11.06-17.49.01:621][598]LogAIModule: Creating AISystem for world Toaster_Interior
[2017.11.06-17.49.01:622][598]LogPlayLevel: PIE: World Init took: (0.000691s)
[2017.11.06-17.49.01:622][598]LogPlayLevel: PIE: Created PIE world by copying editor world from /Game/Maps/Toaster_Interior.Toaster_Interior to /Game/Maps/UEDPIE_0_Toaster_Interior.Toaster_Interior (0.007375s)
[2017.11.06-17.49.01:650][598]LogInit: XAudio2 using 'Speakers (USB Audio Device)' : 2 channels at 44.1 kHz using 16 bits per sample (channel mask 0x3)
[2017.11.06-17.49.01:660][598]LogInit: FAudioDevice initialized.
[2017.11.06-17.49.01:752][598]LogLoad: Game class is 'GameModeBase'
[2017.11.06-17.49.01:754][598]LogWorld: Bringing World /Game/Maps/UEDPIE_0_Toaster_Interior.Toaster_Interior up for play (max tick rate 0) at 2017.11.06-10.49.01
[2017.11.06-17.49.01:754][598]LogWorld: Bringing up level for play took: 0.001832
[2017.11.06-17.49.01:755][598]LogGameMode: FindPlayerStart: PATHS NOT DEFINED or NO PLAYERSTART with positive rating
[2017.11.06-17.49.01:762][598]PIE: Info Play in editor start time for /Game/Maps/UEDPIE_0_Toaster_Interior -0.696
[2017.11.06-17.49.01:789][599]LogRenderer: Reallocating scene render targets to support 1280x720 NumSamples 1 (Frame:10523).
[2017.11.06-17.49.01:811][600]LogContentStreaming: Texture pool size now 1105 MB
[2017.11.06-17.49.13:348][838]LogRenderer: Reallocating scene render targets to support 1280x720 NumSamples 1 (Frame:10524).
[2017.11.06-17.49.13:349][838]LogContentStreaming: Texture pool size now 1000 MB
[2017.11.06-17.49.29:413][930]LogSavePackage: Save=54.03ms
[2017.11.06-17.49.29:413][930]LogSavePackage: Moving '../../../../../../Users/alrod_000/Documents/Unreal Projects/EAE 3660/Final Project/Toast/Saved/Toaster_Interior369BA795484AB7B8C541C0AF5080B295.tmp' to '../../../../../../Users/alrod_000/Documents/Unreal Projects/EAE 3660/Final Project/Toast/Content/Maps/Toaster_Interior.umap'
[2017.11.06-17.49.29:422][930]LogSavePackage:Display: Finished SavePackage ../../../../../../Users/alrod_000/Documents/Unreal Projects/EAE 3660/Final Project/Toast/Content/Maps/Toaster_Interior.umap
[2017.11.06-17.49.29:448][930]LogFileHelpers: Saving map 'Toaster_Interior' took 0.261
[2017.11.06-17.49.29:465][930]LogPlayLevel: PlayLevel: No blueprints needed recompiling
[2017.11.06-17.49.29:466][930]PIE: New page: PIE session: Toaster_Interior (Nov 6, 2017, 3:49:29 AM)
[2017.11.06-17.49.29:466][930]LogPlayLevel: Creating play world package: /Game/Maps/UEDPIE_0_Toaster_Interior
[2017.11.06-17.49.29:472][930]LogPlayLevel: PIE: StaticDuplicateObject took: (0.006223s)
[2017.11.06-17.49.29:473][930]LogAIModule: Creating AISystem for world Toaster_Interior
[2017.11.06-17.49.29:473][930]LogPlayLevel: PIE: World Init took: (0.000769s)
[2017.11.06-17.49.29:473][930]LogPlayLevel: PIE: Created PIE world by copying editor world from /Game/Maps/Toaster_Interior.Toaster_Interior to /Game/Maps/UEDPIE_0_Toaster_Interior.Toaster_Interior (0.007216s)
[2017.11.06-17.49.29:501][930]LogInit: XAudio2 using 'Speakers (USB Audio Device)' : 2 channels at 44.1 kHz using 16 bits per sample (channel mask 0x3)
[2017.11.06-17.49.29:510][930]LogInit: FAudioDevice initialized.
[2017.11.06-17.49.29:597][930]LogLoad: Game class is 'GameModeBase'
[2017.11.06-17.49.29:600][930]LogWorld: Bringing World /Game/Maps/UEDPIE_0_Toaster_Interior.Toaster_Interior up for play (max tick rate 0) at 2017.11.06-10.49.29
[2017.11.06-17.49.29:600][930]LogWorld: Bringing up level for play took: 0.001986
[2017.11.06-17.49.29:600][930]LogGameMode: FindPlayerStart: PATHS NOT DEFINED or NO PLAYERSTART with positive rating
[2017.11.06-17.49.29:608][930]PIE: Info Play in editor start time for /Game/Maps/UEDPIE_0_Toaster_Interior -0.85
[2017.11.06-17.49.29:614][930]LogContentStreaming: Texture pool size now 1102 MB
[2017.11.06-17.49.29:634][931]LogRenderer: Reallocating scene render targets to support 1280x720 NumSamples 1 (Frame:11567).
[2017.11.06-17.49.29:715][937]LogContentStreaming: Texture pool size now 1105 MB
[2017.11.06-17.49.41:064][171]LogRenderer: Reallocating scene render targets to support 1280x720 NumSamples 1 (Frame:11568).
[2017.11.06-17.49.41:111][175]LogContentStreaming: Texture pool size now 1000 MB
[2017.11.06-17.49.46:763][575]LogSavePackage: Save=53.34ms
[2017.11.06-17.49.46:763][575]LogSavePackage: Moving '../../../../../../Users/alrod_000/Documents/Unreal Projects/EAE 3660/Final Project/Toast/Saved/Toaster_Interior53288E634CC8AA2EBD5148BED05D269C.tmp' to '../../../../../../Users/alrod_000/Documents/Unreal Projects/EAE 3660/Final Project/Toast/Content/Maps/Toaster_Interior.umap'
[2017.11.06-17.49.46:772][575]LogSavePackage:Display: Finished SavePackage ../../../../../../Users/alrod_000/Documents/Unreal Projects/EAE 3660/Final Project/Toast/Content/Maps/Toaster_Interior.umap
[2017.11.06-17.49.46:794][575]LogFileHelpers: Saving map 'Toaster_Interior' took 0.258
[2017.11.06-17.49.46:882][575]LogWindowsTextInputMethodSystem:Display: IME system now deactivated.
[2017.11.06-17.49.47:054][576]Cmd: QUIT_EDITOR
[2017.11.06-17.49.47:396][576]LogExit: Preparing to exit.
[2017.11.06-17.49.48:354][576]LogDirectoryWatcher: A directory notification for 'C:/Users/alrod_000/Documents/Unreal Projects/EAE 3660/Final Project/Toast/Content/' was aborted.
[2017.11.06-17.49.48:376][576]LogExit: Editor shut down
[2017.11.06-17.49.48:383][576]LogExit: Transaction tracking system shut down
[2017.11.06-17.49.48:447][576]LogObj: Freed 0b from 0 cluster array pools.
[2017.11.06-17.49.48:447][576]LogExit: Object subsystem successfully closed.
[2017.11.06-17.49.48:462][576]LogD3D11RHI: Shutdown
[2017.11.06-17.49.48:462][576]LogD3D11RHI: CleanupD3DDevice
[2017.11.06-17.49.48:530][576]LogD3D11RHI: ~FD3D11DynamicRHI
[2017.11.06-17.49.48:585][576]LogModuleManager: Shutting down and abandoning module MovieSceneCaptureDialog (530)
[2017.11.06-17.49.48:585][576]LogModuleManager: Shutting down and abandoning module MovieSceneCapture (528)
[2017.11.06-17.49.48:585][576]LogModuleManager: Shutting down and abandoning module SequencerWidgets (526)
[2017.11.06-17.49.48:585][576]LogModuleManager: Shutting down and abandoning module HierarchicalLODOutliner (524)
[2017.11.06-17.49.48:585][576]LogModuleManager: Shutting down and abandoning module CrashTracker (522)
[2017.11.06-17.49.48:585][576]LogModuleManager: Shutting down and abandoning module SceneOutliner (520)
[2017.11.06-17.49.48:585][576]LogModuleManager: Shutting down and abandoning module AddContentDialog (518)
[2017.11.06-17.49.48:586][576]LogDirectoryWatcher: A directory notification for 'C:/Program Files/Epic Games/UE_4.16/FeaturePacks/' was aborted.
[2017.11.06-17.49.48:587][576]LogModuleManager: Shutting down and abandoning module WidgetCarousel (517)
[2017.11.06-17.49.48:587][576]LogModuleManager: Shutting down and abandoning module EditorWidgets (514)
[2017.11.06-17.49.48:587][576]LogModuleManager: Shutting down and abandoning module CollectionManager (512)
[2017.11.06-17.49.48:587][576]LogDirectoryWatcher: A directory notification for 'C:/Users/alrod_000/Documents/Unreal Projects/EAE 3660/Final Project/Toast/Content/Collections/' was aborted.
[2017.11.06-17.49.48:587][576]LogDirectoryWatcher: A directory notification for 'C:/Users/alrod_000/Documents/Unreal Projects/EAE 3660/Final Project/Toast/Content/Developers/alrod000/Collections/' was aborted.
[2017.11.06-17.49.48:587][576]LogDirectoryWatcher: A directory notification for 'C:/Users/alrod_000/Documents/Unreal Projects/EAE 3660/Final Project/Toast/Saved/Collections/' was aborted.
[2017.11.06-17.49.48:587][576]LogModuleManager: Shutting down and abandoning module StatsViewer (510)
[2017.11.06-17.49.48:587][576]LogModuleManager: Shutting down and abandoning module FoliageEdit (508)
[2017.11.06-17.49.48:587][576]LogModuleManager: Shutting down and abandoning module LandscapeEditor (506)
[2017.11.06-17.49.48:587][576]LogModuleManager: Shutting down and abandoning module MeshPaintMode (504)
[2017.11.06-17.49.48:587][576]LogModuleManager: Shutting down and abandoning module SceneDepthPickerMode (502)
[2017.11.06-17.49.48:587][576]LogModuleManager: Shutting down and abandoning module ActorPickerMode (500)
[2017.11.06-17.49.48:587][576]LogModuleManager: Shutting down and abandoning module GeometryMode (498)
[2017.11.06-17.49.48:587][576]LogModuleManager: Shutting down and abandoning module TextureAlignMode (496)
[2017.11.06-17.49.48:587][576]LogModuleManager: Shutting down and abandoning module BspMode (494)
[2017.11.06-17.49.48:587][576]LogModuleManager: Shutting down and abandoning module HardwareSurvey (492)
[2017.11.06-17.49.48:587][576]LogModuleManager: Shutting down and abandoning module SequenceRecorderSections (490)
[2017.11.06-17.49.48:587][576]LogModuleManager: Shutting down and abandoning module AutomationWorker (488)
[2017.11.06-17.49.48:587][576]LogModuleManager: Shutting down and abandoning module MatineeToLevelSequence (486)
[2017.11.06-17.49.48:587][576]LogModuleManager: Shutting down and abandoning module LevelSequenceEditor (484)
[2017.11.06-17.49.48:587][576]LogModuleManager: Shutting down and abandoning module PlacementMode (483)
[2017.11.06-17.49.48:587][576]LogModuleManager: Shutting down and abandoning module WmfMediaFactory (480)
[2017.11.06-17.49.48:587][576]LogModuleManager: Shutting down and abandoning module WmfMediaEditor (478)
[2017.11.06-17.49.48:587][576]LogModuleManager: Shutting down and abandoning module AvfMediaFactory (476)
[2017.11.06-17.49.48:587][576]LogModuleManager: Shutting down and abandoning module AvfMediaEditor (474)
[2017.11.06-17.49.48:587][576]LogModuleManager: Shutting down and abandoning module AndroidMediaFactory (472)
[2017.11.06-17.49.48:587][576]LogModuleManager: Shutting down and abandoning module Media (471)
[2017.11.06-17.49.48:587][576]LogModuleManager: Shutting down and abandoning module AndroidMediaEditor (468)
[2017.11.06-17.49.48:587][576]LogModuleManager: Shutting down and abandoning module CharacterAI (466)
[2017.11.06-17.49.48:587][576]LogModuleManager: Shutting down and abandoning module AudioCapture (464)
[2017.11.06-17.49.48:587][576]LogModuleManager: Shutting down and abandoning module SequenceRecorder (463)
[2017.11.06-17.49.48:587][576]LogModuleManager: Shutting down and abandoning module SmartSnapping (460)
[2017.11.06-17.49.48:587][576]LogModuleManager: Shutting down and abandoning module SessionServices (458)
[2017.11.06-17.49.48:587][576]LogModuleManager: Shutting down and abandoning module ViewportSnapping (456)
[2017.11.06-17.49.48:587][576]LogModuleManager: Shutting down and abandoning module ViewportInteraction (454)
[2017.11.06-17.49.48:587][576]LogModuleManager: Shutting down and abandoning module ClothPainter (452)
[2017.11.06-17.49.48:587][576]LogModuleManager: Shutting down and abandoning module LogVisualizer (450)
[2017.11.06-17.49.48:588][576]LogModuleManager: Shutting down and abandoning module IntroTutorials (448)
[2017.11.06-17.49.48:588][576]LogModuleManager: Shutting down and abandoning module GameProjectGeneration (447)
[2017.11.06-17.49.48:588][576]LogModuleManager: Shutting down and abandoning module EditorLiveStreaming (444)
[2017.11.06-17.49.48:588][576]LogModuleManager: Shutting down and abandoning module IOSPlatformEditor (442)
[2017.11.06-17.49.48:588][576]LogModuleManager: Shutting down and abandoning module HTML5PlatformEditor (440)
[2017.11.06-17.49.48:588][576]LogModuleManager: Shutting down and abandoning module AndroidPlatformEditor (438)
[2017.11.06-17.49.48:588][576]LogModuleManager: Shutting down and abandoning module AndroidDeviceDetection (437)
[2017.11.06-17.49.48:917][576]LogModuleManager: Shutting down and abandoning module IOSRuntimeSettings (434)
[2017.11.06-17.49.48:917][576]LogModuleManager: Shutting down and abandoning module AndroidRuntimeSettings (432)
[2017.11.06-17.49.48:917][576]LogModuleManager: Shutting down and abandoning module InputBindingEditor (430)
[2017.11.06-17.49.48:917][576]LogModuleManager: Shutting down and abandoning module MergeActors (428)
[2017.11.06-17.49.48:917][576]LogModuleManager: Shutting down and abandoning module SizeMap (426)
[2017.11.06-17.49.48:917][576]LogModuleManager: Shutting down and abandoning module TreeMap (424)
[2017.11.06-17.49.48:917][576]LogModuleManager: Shutting down and abandoning module ReferenceViewer (422)
[2017.11.06-17.49.48:917][576]LogModuleManager: Shutting down and abandoning module LocalizationDashboard (420)
[2017.11.06-17.49.48:917][576]LogModuleManager: Shutting down and abandoning module LocalizationService (419)
[2017.11.06-17.49.48:917][576]LogModuleManager: Shutting down and abandoning module HardwareTargeting (416)
[2017.11.06-17.49.48:917][576]LogModuleManager: Shutting down and abandoning module DeviceProfileEditor (414)
[2017.11.06-17.49.48:917][576]LogModuleManager: Shutting down and abandoning module UndoHistory (412)
[2017.11.06-17.49.48:917][576]LogModuleManager: Shutting down and abandoning module UserFeedback (410)
[2017.11.06-17.49.48:917][576]LogModuleManager: Shutting down and abandoning module XmlParser (408)
[2017.11.06-17.49.48:917][576]LogModuleManager: Shutting down and abandoning module Blutility (406)
[2017.11.06-17.49.48:917][576]LogModuleManager: Shutting down and abandoning module ProjectSettingsViewer (404)
[2017.11.06-17.49.48:918][576]LogModuleManager: Shutting down and abandoning module ProjectTargetPlatformEditor (403)
[2017.11.06-17.49.48:918][576]LogModuleManager: Shutting down and abandoning module EditorSettingsViewer (400)
[2017.11.06-17.49.48:918][576]LogModuleManager: Shutting down and abandoning module SettingsEditor (398)
[2017.11.06-17.49.48:918][576]LogModuleManager: Shutting down and abandoning module ProjectLauncher (396)
[2017.11.06-17.49.48:918][576]LogModuleManager: Shutting down and abandoning module SessionFrontend (394)
[2017.11.06-17.49.48:918][576]LogModuleManager: Shutting down and abandoning module ProfilerClient (392)
[2017.11.06-17.49.48:918][576]LogModuleManager: Shutting down and abandoning module DeviceManager (390)
[2017.11.06-17.49.48:918][576]LogModuleManager: Shutting down and abandoning module TargetDeviceServices (389)
[2017.11.06-17.49.48:983][576]LogModuleManager: Shutting down and abandoning module AutomationController (386)
[2017.11.06-17.49.48:983][576]LogModuleManager: Shutting down and abandoning module AutomationWindow (384)
[2017.11.06-17.49.48:983][576]LogModuleManager: Shutting down and abandoning module Layers (382)
[2017.11.06-17.49.48:983][576]LogModuleManager: Shutting down and abandoning module ComponentVisualizers (380)
[2017.11.06-17.49.48:983][576]LogModuleManager: Shutting down and abandoning module DetailCustomizations (378)
[2017.11.06-17.49.48:983][576]LogModuleManager: Shutting down and abandoning module PackagesDialog (376)
[2017.11.06-17.49.48:983][576]LogModuleManager: Shutting down and abandoning module Persona (374)
[2017.11.06-17.49.48:983][576]LogModuleManager: Shutting down and abandoning module AdvancedPreviewScene (373)
[2017.11.06-17.49.48:983][576]LogModuleManager: Shutting down and abandoning module AnimGraph (371)
[2017.11.06-17.49.48:983][576]LogModuleManager: Shutting down and abandoning module Kismet (368)
[2017.11.06-17.49.48:983][576]LogModuleManager: Shutting down and abandoning module ClassViewer (366)
[2017.11.06-17.49.48:983][576]LogModuleManager: Shutting down and abandoning module Toolbox (364)
[2017.11.06-17.49.48:983][576]LogModuleManager: Shutting down and abandoning module ModuleUI (362)
[2017.11.06-17.49.48:983][576]LogModuleManager: Shutting down and abandoning module MovieSceneTools (360)
[2017.11.06-17.49.48:984][576]LogModuleManager: Shutting down and abandoning module OutputLog (358)
[2017.11.06-17.49.48:984][576]LogModuleManager: Shutting down and abandoning module GammaUI (356)
[2017.11.06-17.49.48:984][576]LogModuleManager: Shutting down and abandoning module Documentation (354)
[2017.11.06-17.49.48:984][576]LogModuleManager: Shutting down and abandoning module MovieSceneTracks (352)
[2017.11.06-17.49.48:984][576]LogModuleManager: Shutting down and abandoning module MovieScene (350)
[2017.11.06-17.49.48:984][576]LogModuleManager: Shutting down and abandoning module Niagara (348)
[2017.11.06-17.49.48:984][576]LogModuleManager: Shutting down and abandoning module NiagaraEditor (347)
[2017.11.06-17.49.48:984][576]LogModuleManager: Shutting down and abandoning module StreamingPauseRendering (344)
[2017.11.06-17.49.48:984][576]LogModuleManager: Shutting down and abandoning module AnalyticsET (342)
[2017.11.06-17.49.48:984][576]LogModuleManager: Shutting down and abandoning module PortalServices (340)
[2017.11.06-17.49.48:984][576]LogModuleManager: Shutting down and abandoning module PortalRpc (338)
[2017.11.06-17.49.48:984][576]LogModuleManager: Shutting down and abandoning module MessagingRpc (336)
[2017.11.06-17.49.48:984][576]LogModuleManager: Shutting down and abandoning module AIModule (334)
[2017.11.06-17.49.48:984][576]LogModuleManager: Shutting down and abandoning module GameplayDebugger (333)
[2017.11.06-17.49.48:984][576]LogModuleManager: Shutting down and abandoning module AITestSuite (331)
[2017.11.06-17.49.48:984][576]LogModuleManager: Shutting down and abandoning module ProfilerService (328)
[2017.11.06-17.49.49:031][576]LogModuleManager: Shutting down and abandoning module TaskGraph (326)
[2017.11.06-17.49.49:031][576]LogModuleManager: Shutting down and abandoning module SteamVRController (324)
[2017.11.06-17.49.49:031][576]LogModuleManager: Shutting down and abandoning module SteamVR (322)
[2017.11.06-17.49.49:031][576]LogModuleManager: Shutting down and abandoning module ProceduralMeshComponentEditor (320)
[2017.11.06-17.49.49:031][576]LogModuleManager: Shutting down and abandoning module ProceduralMeshComponent (318)
[2017.11.06-17.49.49:031][576]LogModuleManager: Shutting down and abandoning module OculusLibrary (316)
[2017.11.06-17.49.49:031][576]LogModuleManager: Shutting down and abandoning module OculusInput (314)
[2017.11.06-17.49.49:031][576]LogModuleManager: Shutting down and abandoning module MobilePatchingUtils (312)
[2017.11.06-17.49.49:031][576]LogModuleManager: Shutting down and abandoning module CustomMeshComponent (310)
[2017.11.06-17.49.49:031][576]LogModuleManager: Shutting down and abandoning module CableComponent (308)
[2017.11.06-17.49.49:031][576]LogModuleManager: Shutting down and abandoning module ArchVisCharacter (306)
[2017.11.06-17.49.49:031][576]LogModuleManager: Shutting down and abandoning module AndroidPermission (304)
[2017.11.06-17.49.49:031][576]LogModuleManager: Shutting down and abandoning module MediaPlayerEditor (300)
[2017.11.06-17.49.49:031][576]LogModuleManager: Shutting down and abandoning module HTML5Networking (298)
[2017.11.06-17.49.49:031][576]LogModuleManager: Shutting down and abandoning module AlembicImporter (296)
[2017.11.06-17.49.49:031][576]LogModuleManager: Shutting down and abandoning module AlembicLibrary (295)
[2017.11.06-17.49.49:031][576]LogModuleManager: Shutting down and abandoning module GeometryCache (294)
[2017.11.06-17.49.49:031][576]LogModuleManager: Shutting down and abandoning module GeometryCacheEd (293)
[2017.11.06-17.49.49:031][576]LogModuleManager: Shutting down and abandoning module SuperSearchEditor (288)
[2017.11.06-17.49.49:032][576]LogModuleManager: Shutting down and abandoning module SuperSearch (287)
[2017.11.06-17.49.49:032][576]LogModuleManager: Shutting down and abandoning module SpeedTreeImporter (284)
[2017.11.06-17.49.49:032][576]LogModuleManager: Shutting down and abandoning module PluginBrowser (282)
[2017.11.06-17.49.49:032][576]LogModuleManager: Shutting down and abandoning module MobileLauncherProfileWizard (280)
[2017.11.06-17.49.49:032][576]LogModuleManager: Shutting down and abandoning module VisualStudioSourceCodeAccess (278)
[2017.11.06-17.49.49:032][576]LogModuleManager: Shutting down and abandoning module DesktopPlatform (277)
[2017.11.06-17.49.49:032][576]LogModuleManager: Shutting down and abandoning module UObjectPlugin (274)
[2017.11.06-17.49.49:032][576]LogModuleManager: Shutting down and abandoning module SubversionSourceControl (272)
[2017.11.06-17.49.49:032][576]LogModuleManager: Shutting down and abandoning module PerforceSourceControl (270)
[2017.11.06-17.49.49:032][576]LogModuleManager: Shutting down and abandoning module GitSourceControl (268)
[2017.11.06-17.49.49:032][576]LogModuleManager: Shutting down and abandoning module SourceControl (267)
[2017.11.06-17.49.49:032][576]LogModuleManager: Shutting down and abandoning module LightPropagationVolumeEditor (264)
[2017.11.06-17.49.49:032][576]LogModuleManager: Shutting down and abandoning module PaperTiledImporter (262)
[2017.11.06-17.49.49:032][576]LogModuleManager: Shutting down and abandoning module PaperSpriteSheetImporter (260)
[2017.11.06-17.49.49:032][576]LogModuleManager: Shutting down and abandoning module Paper2DEditor (258)
[2017.11.06-17.49.49:032][576]LogModuleManager: Shutting down and abandoning module MeshPaint (257)
[2017.11.06-17.49.49:032][576]LogModuleManager: Shutting down and abandoning module LevelEditor (255)
[2017.11.06-17.49.49:032][576]LogModuleManager: Shutting down and abandoning module PixelInspectorModule (254)
[2017.11.06-17.49.49:032][576]LogModuleManager: Shutting down and abandoning module MainFrame (252)
[2017.11.06-17.49.49:033][576]LogModuleManager: Shutting down and abandoning module HotReload (251)
[2017.11.06-17.49.49:033][576]LogModuleManager: Shutting down and abandoning module PhysXVehiclesEditor (246)
[2017.11.06-17.49.49:033][576]LogModuleManager: Shutting down and abandoning module PhysXVehicles (244)
[2017.11.06-17.49.49:033][576]LogModuleManager: Shutting down and abandoning module LocationServicesBPLibrary (242)
[2017.11.06-17.49.49:033][576]LogModuleManager: Shutting down and abandoning module ImmediatePhysicsEditor (240)
[2017.11.06-17.49.49:033][576]LogModuleManager: Shutting down and abandoning module ImmediatePhysics (238)
[2017.11.06-17.49.49:033][576]LogModuleManager: Shutting down and abandoning module UdpMessaging (236)
[2017.11.06-17.49.49:133][576]LogModuleManager: Shutting down and abandoning module TcpMessaging (234)
[2017.11.06-17.49.49:234][576]LogModuleManager: Shutting down and abandoning module GameplayTagsEditor (232)
[2017.11.06-17.49.49:234][576]LogModuleManager: Shutting down and abandoning module FacialAnimationEditor (230)
[2017.11.06-17.49.49:234][576]LogModuleManager: Shutting down and abandoning module FacialAnimation (228)
[2017.11.06-17.49.49:234][576]LogModuleManager: Shutting down and abandoning module AssetManagerEditor (226)
[2017.11.06-17.49.49:234][576]LogModuleManager: Shutting down and abandoning module GraphEditor (225)
[2017.11.06-17.49.49:234][576]LogModuleManager: Shutting down and abandoning module ContentBrowser (223)
[2017.11.06-17.49.49:235][576]LogModuleManager: Shutting down and abandoning module LightPropagationVolumeRuntime (220)
[2017.11.06-17.49.49:235][576]LogModuleManager: Shutting down and abandoning module Paper2D (218)
[2017.11.06-17.49.49:235][576]LogModuleManager: Shutting down and abandoning module WindowsMoviePlayer (216)
[2017.11.06-17.49.49:235][576]LogModuleManager: Shutting down and abandoning module WmfMedia (214)
[2017.11.06-17.49.49:235][576]LogModuleManager: Shutting down and abandoning module ClothingSystemEditor (212)
[2017.11.06-17.49.49:235][576]LogModuleManager: Shutting down and abandoning module ClothingSystemRuntime (210)
[2017.11.06-17.49.49:235][576]LogModuleManager: Shutting down and abandoning module MediaAssets (208)
[2017.11.06-17.49.49:235][576]LogModuleManager: Shutting down and abandoning module GameLiveStreaming (206)
[2017.11.06-17.49.49:235][576]LogModuleManager: Shutting down and abandoning module VREditor (204)
[2017.11.06-17.49.49:235][576]LogModuleManager: Shutting down and abandoning module StringTableEditor (202)
[2017.11.06-17.49.49:235][576]LogModuleManager: Shutting down and abandoning module GameplayTasksEditor (200)
[2017.11.06-17.49.49:235][576]LogModuleManager: Shutting down and abandoning module BehaviorTreeEditor (198)
[2017.11.06-17.49.49:235][576]LogModuleManager: Shutting down and abandoning module FunctionalTesting (196)
[2017.11.06-17.49.49:235][576]LogModuleManager: Shutting down and abandoning module CollisionAnalyzer (194)
[2017.11.06-17.49.49:235][576]LogModuleManager: Shutting down and abandoning module UMG (192)
[2017.11.06-17.49.49:235][576]LogModuleManager: Shutting down and abandoning module UMGEditor (191)
[2017.11.06-17.49.49:235][576]LogModuleManager: Shutting down and abandoning module Sequencer (190)
[2017.11.06-17.49.49:235][576]LogModuleManager: Shutting down and abandoning module AssetTools (188)
[2017.11.06-17.49.49:235][576]LogModuleManager: Shutting down and abandoning module MessageLog (187)
[2017.11.06-17.49.49:235][576]LogModuleManager: Shutting down and abandoning module WorkspaceMenuStructure (186)
[2017.11.06-17.49.49:235][576]LogModuleManager: Shutting down and abandoning module SlateReflector (180)
[2017.11.06-17.49.49:235][576]LogModuleManager: Shutting down and abandoning module Slate (178)
[2017.11.06-17.49.49:235][576]LogModuleManager: Shutting down and abandoning module EditorStyle (176)
[2017.11.06-17.49.49:239][576]LogModuleManager: Shutting down and abandoning module SourceCodeAccess (174)
[2017.11.06-17.49.49:239][576]LogModuleManager: Shutting down and abandoning module HeadMountedDisplay (172)
[2017.11.06-17.49.49:239][576]LogModuleManager: Shutting down and abandoning module XAudio2 (170)
[2017.11.06-17.49.49:239][576]LogModuleManager: Shutting down and abandoning module Networking (168)
[2017.11.06-17.49.49:239][576]LogModuleManager: Shutting down and abandoning module Core (164)
[2017.11.06-17.49.49:239][576]LogModuleManager: Shutting down and abandoning module AssetRegistry (162)
[2017.11.06-17.49.49:408][576]LogDirectoryWatcher: A directory notification for '../../../Engine/Content/' was aborted.
[2017.11.06-17.49.49:408][576]LogDirectoryWatcher: A directory notification for '../../../../../../Users/alrod_000/Documents/Unreal Projects/EAE 3660/Final Project/Toast/Content/' was aborted.
[2017.11.06-17.49.49:408][576]LogDirectoryWatcher: A directory notification for '../../../Engine/Plugins/2D/Paper2D/Content/' was aborted.
[2017.11.06-17.49.49:408][576]LogDirectoryWatcher: A directory notification for '../../../Engine/Plugins/Runtime/GearVR/Content/' was aborted.
[2017.11.06-17.49.49:410][576]LogModuleManager: Shutting down and abandoning module DirectoryWatcher (161)
[2017.11.06-17.49.49:411][576]LogModuleManager: Shutting down and abandoning module KismetCompiler (158)
[2017.11.06-17.49.49:411][576]LogModuleManager: Shutting down and abandoning module LevelSequence (156)
[2017.11.06-17.49.49:411][576]LogModuleManager: Shutting down and abandoning module PhysXFormats (154)
[2017.11.06-17.49.49:411][576]LogModuleManager: Shutting down and abandoning module MeshUtilities (152)
[2017.11.06-17.49.49:411][576]LogModuleManager: Shutting down and abandoning module SimplygonSwarm (151)
[2017.11.06-17.49.49:411][576]LogModuleManager: Shutting down and abandoning module SimplygonMeshReduction (149)
[2017.11.06-17.49.49:411][576]LogModuleManager: Shutting down and abandoning module QuadricMeshReduction (147)
[2017.11.06-17.49.49:411][576]LogModuleManager: Shutting down and abandoning module DerivedDataCache (144)
[2017.11.06-17.49.49:428][576]LogDerivedDataCache: Shutdown
[2017.11.06-17.49.49:428][576]LogModuleManager: Shutting down and abandoning module TargetPlatform (142)
[2017.11.06-17.49.49:428][576]LogModuleManager: Shutting down and abandoning module VulkanShaderFormat (141)
[2017.11.06-17.49.49:428][576]LogModuleManager: Shutting down and abandoning module ShaderFormatVectorVM (139)
[2017.11.06-17.49.49:428][576]LogModuleManager: Shutting down and abandoning module ShaderFormatOpenGL (137)
[2017.11.06-17.49.49:428][576]LogModuleManager: Shutting down and abandoning module ShaderFormatD3D (135)
[2017.11.06-17.49.49:428][576]LogModuleManager: Shutting down and abandoning module MetalShaderFormat (133)
[2017.11.06-17.49.49:428][576]LogModuleManager: Shutting down and abandoning module TextureFormatUncompressed (131)
[2017.11.06-17.49.49:428][576]LogModuleManager: Shutting down and abandoning module TextureFormatPVR (129)
[2017.11.06-17.49.49:428][576]LogModuleManager: Shutting down and abandoning module TextureFormatDXT (127)
[2017.11.06-17.49.49:428][576]LogModuleManager: Shutting down and abandoning module TextureFormatIntelISPCTexComp (125)
[2017.11.06-17.49.49:428][576]LogModuleManager: Shutting down and abandoning module TextureFormatASTC (123)
[2017.11.06-17.49.49:428][576]LogModuleManager: Shutting down and abandoning module ImageWrapper (122)
[2017.11.06-17.49.49:428][576]LogModuleManager: Shutting down and abandoning module TextureFormatAndroid (119)
[2017.11.06-17.49.49:428][576]LogModuleManager: Shutting down and abandoning module AudioFormatOpus (117)
[2017.11.06-17.49.49:428][576]LogModuleManager: Shutting down and abandoning module AudioFormatOgg (115)
[2017.11.06-17.49.49:428][576]LogModuleManager: Shutting down and abandoning module AudioFormatADPCM (113)
[2017.11.06-17.49.49:428][576]LogModuleManager: Shutting down and abandoning module LinuxTargetPlatform (111)
[2017.11.06-17.49.49:428][576]LogModuleManager: Shutting down and abandoning module LinuxServerTargetPlatform (109)
[2017.11.06-17.49.49:428][576]LogModuleManager: Shutting down and abandoning module LinuxNoEditorTargetPlatform (107)
[2017.11.06-17.49.49:428][576]LogModuleManager: Shutting down and abandoning module LinuxClientTargetPlatform (105)
[2017.11.06-17.49.49:428][576]LogModuleManager: Shutting down and abandoning module TVOSTargetPlatform (103)
[2017.11.06-17.49.49:428][576]LogModuleManager: Shutting down and abandoning module Messaging (101)
[2017.11.06-17.49.49:428][576]LogModuleManager: Shutting down and abandoning module IOSTargetPlatform (99)
[2017.11.06-17.49.49:428][576]LogModuleManager: Shutting down and abandoning module HTML5TargetPlatform (97)
[2017.11.06-17.49.49:428][576]LogModuleManager: Shutting down and abandoning module Android_PVRTCTargetPlatform (95)
[2017.11.06-17.49.49:429][576]LogModuleManager: Shutting down and abandoning module Android_MultiTargetPlatform (93)
[2017.11.06-17.49.49:429][576]LogModuleManager: Shutting down and abandoning module Android_ETC2TargetPlatform (91)
[2017.11.06-17.49.49:429][576]LogModuleManager: Shutting down and abandoning module Android_ETC1TargetPlatform (89)
[2017.11.06-17.49.49:429][576]LogModuleManager: Shutting down and abandoning module Android_DXTTargetPlatform (87)
[2017.11.06-17.49.49:429][576]LogModuleManager: Shutting down and abandoning module Android_ATCTargetPlatform (85)
[2017.11.06-17.49.49:429][576]LogModuleManager: Shutting down and abandoning module Android_ASTCTargetPlatform (83)
[2017.11.06-17.49.49:429][576]LogModuleManager: Shutting down and abandoning module AndroidTargetPlatform (81)
[2017.11.06-17.49.49:429][576]LogModuleManager: Shutting down and abandoning module WindowsTargetPlatform (79)
[2017.11.06-17.49.49:429][576]LogModuleManager: Shutting down and abandoning module WindowsServerTargetPlatform (77)
[2017.11.06-17.49.49:429][576]LogModuleManager: Shutting down and abandoning module WindowsNoEditorTargetPlatform (75)
[2017.11.06-17.49.49:429][576]LogModuleManager: Shutting down and abandoning module WindowsClientTargetPlatform (73)
[2017.11.06-17.49.49:429][576]LogModuleManager: Shutting down and abandoning module MacTargetPlatform (71)
[2017.11.06-17.49.49:429][576]LogModuleManager: Shutting down and abandoning module MacServerTargetPlatform (69)
[2017.11.06-17.49.49:429][576]LogModuleManager: Shutting down and abandoning module MacNoEditorTargetPlatform (67)
[2017.11.06-17.49.49:429][576]LogModuleManager: Shutting down and abandoning module MacClientTargetPlatform (65)
[2017.11.06-17.49.49:429][576]LogModuleManager: Shutting down and abandoning module AllDesktopTargetPlatform (63)
[2017.11.06-17.49.49:429][576]LogModuleManager: Shutting down and abandoning module InputCore (60)
[2017.11.06-17.49.49:429][576]LogModuleManager: Shutting down and abandoning module Settings (58)
[2017.11.06-17.49.49:429][576]LogModuleManager: Shutting down and abandoning module OculusRift (56)
[2017.11.06-17.49.49:429][576]LogModuleManager: Shutting down and abandoning module GearVRController (54)
[2017.11.06-17.49.49:429][576]LogModuleManager: Shutting down and abandoning module GearVR (52)
[2017.11.06-17.49.49:429][576]LogModuleManager: Shutting down and abandoning module ExampleDeviceProfileSelector (50)
[2017.11.06-17.49.49:429][576]LogModuleManager: Shutting down and abandoning module OnlineBlueprintSupport (48)
[2017.11.06-17.49.49:429][576]LogModuleManager: Shutting down and abandoning module OnlineSubsystem (44)
[2017.11.06-17.49.49:429][576]LogOnline:Display: Unloading online subsystem: NULL
[2017.11.06-17.49.49:429][576]LogModuleManager: Shutting down and abandoning module XMPP (43)
[2017.11.06-17.49.49:429][576]LogModuleManager: Shutting down and abandoning module HTTP (41)
[2017.11.06-17.49.49:429][576]LogHttp:Display: Http module shutting down, but needs to wait on 1 outstanding Http requests:
[2017.11.06-17.49.49:429][576]LogHttp:Display: 	verb=[POST] url=[https://datarouter.ol.epicgames.com/datarouter/api/v1/public/data?SessionID=%7B678B2137-40CE-B2BF-4902-1087F73FD41C%7D&AppID=UEEditor.Rocket.Release&AppVersion=4.16.3-3561208%2B%2B%2BUE4%2BRelease-4.16&UserID=715d64ec437b30796e344c953df5232a%7C7ffa26ea6f914431ad4740d2680c99b5%7C7fd50071-e3ed-4254-833e-2bde22888e5a&AppEnvironment=datacollector-binary&UploadType=eteventstream] status=Processing
[2017.11.06-17.49.49:435][576]LogModuleManager: Shutting down and abandoning module SSL (40)
[2017.11.06-17.49.49:436][576]LogModuleManager: Shutting down and abandoning module HTTPChunkInstaller (36)
[2017.11.06-17.49.49:436][576]LogModuleManager: Shutting down and abandoning module AnimationModifiers (34)
[2017.11.06-17.49.49:436][576]LogModuleManager: Shutting down and abandoning module PropertyEditor (33)
[2017.11.06-17.49.49:436][576]LogModuleManager: Shutting down and abandoning module AudioEditor (30)
[2017.11.06-17.49.49:436][576]LogModuleManager: Shutting down and abandoning module TextureCompressor (28)
[2017.11.06-17.49.49:436][576]LogModuleManager: Shutting down and abandoning module ShaderCore (26)
[2017.11.06-17.49.49:436][576]LogModuleManager: Shutting down and abandoning module Landscape (24)
[2017.11.06-17.49.49:436][576]LogModuleManager: Shutting down and abandoning module SlateRHIRenderer (22)
[2017.11.06-17.49.49:437][576]LogModuleManager: Shutting down and abandoning module OpenGLDrv (20)
[2017.11.06-17.49.49:437][576]LogModuleManager: Shutting down and abandoning module D3D11RHI (18)
[2017.11.06-17.49.49:437][576]LogModuleManager: Shutting down and abandoning module AnimGraphRuntime (16)
[2017.11.06-17.49.49:437][576]LogModuleManager: Shutting down and abandoning module Renderer (14)
[2017.11.06-17.49.49:437][576]LogModuleManager: Shutting down and abandoning module Engine (12)
[2017.11.06-17.49.49:437][576]LogModuleManager: Shutting down and abandoning module CoreUObject (10)
[2017.11.06-17.49.49:437][576]LogModuleManager: Shutting down and abandoning module NetworkFile (8)
[2017.11.06-17.49.49:437][576]LogModuleManager: Shutting down and abandoning module StreamingFile (6)
[2017.11.06-17.49.49:437][576]LogModuleManager: Shutting down and abandoning module SandboxFile (4)
[2017.11.06-17.49.49:437][576]LogModuleManager: Shutting down and abandoning module PakFile (2)
[2017.11.06-17.49.49:438][576]LogExit: Exiting.
[2017.11.06-17.49.49:449][576]Log file closed, 11/06/17 10:49:49
